{"C:\\Users\\eynar\\Travail\\Stage\\FICHEPRODUIT\\backend\\src\\core\\auth\\guards\\jwt.guard.ts": {"path":"C:\\Users\\eynar\\Travail\\Stage\\FICHEPRODUIT\\backend\\src\\core\\auth\\guards\\jwt.guard.ts","statementMap":{"0":{"start":{"line":1,"column":0},"end":{"line":1,"column":98}},"1":{"start":{"line":3,"column":0},"end":{"line":3,"column":61}},"2":{"start":{"line":4,"column":0},"end":{"line":4,"column":66}},"3":{"start":{"line":8,"column":7},"end":{"line":27,"column":null}},"4":{"start":{"line":9,"column":31},"end":{"line":9,"column":41}},"5":{"start":{"line":12,"column":16},"end":{"line":12,"column":67}},"6":{"start":{"line":13,"column":18},"end":{"line":13,"column":41}},"7":{"start":{"line":15,"column":4},"end":{"line":15,"column":66}},"8":{"start":{"line":15,"column":16},"end":{"line":15,"column":66}},"9":{"start":{"line":17,"column":17},"end":{"line":17,"column":51}},"10":{"start":{"line":18,"column":4},"end":{"line":18,"column":75}},"11":{"start":{"line":18,"column":15},"end":{"line":18,"column":75}},"12":{"start":{"line":20,"column":5},"end":{"line":24,"column":6}},"13":{"start":{"line":25,"column":4},"end":{"line":25,"column":16}},"14":{"start":{"line":8,"column":13},"end":{"line":8,"column":21}},"15":{"start":{"line":8,"column":13},"end":{"line":27,"column":null}}},"fnMap":{"0":{"name":"(anonymous_2)","decl":{"start":{"line":9,"column":2},"end":{"line":9,"column":31}},"loc":{"start":{"line":9,"column":56},"end":{"line":9,"column":60}}},"1":{"name":"(anonymous_3)","decl":{"start":{"line":11,"column":2},"end":{"line":11,"column":7}},"loc":{"start":{"line":11,"column":45},"end":{"line":26,"column":3}}}},"branchMap":{"0":{"loc":{"start":{"line":15,"column":4},"end":{"line":15,"column":66}},"type":"if","locations":[{"start":{"line":15,"column":4},"end":{"line":15,"column":66}}]},"1":{"loc":{"start":{"line":18,"column":4},"end":{"line":18,"column":75}},"type":"if","locations":[{"start":{"line":18,"column":4},"end":{"line":18,"column":75}}]},"2":{"loc":{"start":{"line":22,"column":13},"end":{"line":22,"column":29}},"type":"binary-expr","locations":[{"start":{"line":22,"column":13},"end":{"line":22,"column":23}},{"start":{"line":22,"column":27},"end":{"line":22,"column":29}}]}},"s":{"0":1,"1":1,"2":1,"3":1,"4":1,"5":3,"6":3,"7":3,"8":1,"9":2,"10":2,"11":1,"12":1,"13":1,"14":1,"15":1},"f":{"0":1,"1":3},"b":{"0":[1],"1":[1],"2":[1,0]}}
,"C:\\Users\\eynar\\Travail\\Stage\\FICHEPRODUIT\\backend\\src\\core\\auth\\guards\\optional-jwt.guard.ts": {"path":"C:\\Users\\eynar\\Travail\\Stage\\FICHEPRODUIT\\backend\\src\\core\\auth\\guards\\optional-jwt.guard.ts","statementMap":{"0":{"start":{"line":1,"column":0},"end":{"line":1,"column":98}},"1":{"start":{"line":3,"column":0},"end":{"line":3,"column":61}},"2":{"start":{"line":4,"column":0},"end":{"line":4,"column":66}},"3":{"start":{"line":8,"column":7},"end":{"line":23,"column":null}},"4":{"start":{"line":9,"column":31},"end":{"line":9,"column":41}},"5":{"start":{"line":12,"column":16},"end":{"line":12,"column":98}},"6":{"start":{"line":13,"column":18},"end":{"line":13,"column":41}},"7":{"start":{"line":15,"column":4},"end":{"line":15,"column":28}},"8":{"start":{"line":15,"column":16},"end":{"line":15,"column":28}},"9":{"start":{"line":17,"column":17},"end":{"line":17,"column":51}},"10":{"start":{"line":18,"column":4},"end":{"line":18,"column":75}},"11":{"start":{"line":18,"column":15},"end":{"line":18,"column":75}},"12":{"start":{"line":20,"column":4},"end":{"line":20,"column":76}},"13":{"start":{"line":21,"column":4},"end":{"line":21,"column":16}},"14":{"start":{"line":8,"column":13},"end":{"line":8,"column":29}},"15":{"start":{"line":8,"column":13},"end":{"line":23,"column":null}}},"fnMap":{"0":{"name":"(anonymous_2)","decl":{"start":{"line":9,"column":2},"end":{"line":9,"column":31}},"loc":{"start":{"line":9,"column":56},"end":{"line":9,"column":60}}},"1":{"name":"(anonymous_3)","decl":{"start":{"line":11,"column":2},"end":{"line":11,"column":7}},"loc":{"start":{"line":11,"column":45},"end":{"line":22,"column":3}}}},"branchMap":{"0":{"loc":{"start":{"line":15,"column":4},"end":{"line":15,"column":28}},"type":"if","locations":[{"start":{"line":15,"column":4},"end":{"line":15,"column":28}}]},"1":{"loc":{"start":{"line":18,"column":4},"end":{"line":18,"column":75}},"type":"if","locations":[{"start":{"line":18,"column":4},"end":{"line":18,"column":75}}]},"2":{"loc":{"start":{"line":20,"column":37},"end":{"line":20,"column":53}},"type":"binary-expr","locations":[{"start":{"line":20,"column":37},"end":{"line":20,"column":47}},{"start":{"line":20,"column":51},"end":{"line":20,"column":53}}]}},"s":{"0":1,"1":1,"2":1,"3":1,"4":1,"5":3,"6":3,"7":3,"8":1,"9":2,"10":2,"11":1,"12":1,"13":1,"14":1,"15":1},"f":{"0":1,"1":3},"b":{"0":[1],"1":[1],"2":[1,0]}}
,"C:\\Users\\eynar\\Travail\\Stage\\FICHEPRODUIT\\backend\\src\\core\\filters\\http-exception.filter.ts": {"path":"C:\\Users\\eynar\\Travail\\Stage\\FICHEPRODUIT\\backend\\src\\core\\filters\\http-exception.filter.ts","statementMap":{"0":{"start":{"line":1,"column":0},"end":{"line":1,"column":null}},"1":{"start":{"line":35,"column":36},"end":{"line":101,"column":null}},"2":{"start":{"line":36,"column":19},"end":{"line":36,"column":69}},"3":{"start":{"line":39,"column":16},"end":{"line":39,"column":35}},"4":{"start":{"line":40,"column":18},"end":{"line":40,"column":49}},"5":{"start":{"line":41,"column":20},"end":{"line":41,"column":52}},"6":{"start":{"line":43,"column":36},"end":{"line":43,"column":65}},"7":{"start":{"line":45,"column":26},"end":{"line":45,"column":43}},"8":{"start":{"line":47,"column":4},"end":{"line":52,"column":5}},"9":{"start":{"line":48,"column":6},"end":{"line":51,"column":8}},"10":{"start":{"line":54,"column":32},"end":{"line":60,"column":6}},"11":{"start":{"line":62,"column":4},"end":{"line":62,"column":45}},"12":{"start":{"line":69,"column":4},"end":{"line":89,"column":5}},"13":{"start":{"line":70,"column":25},"end":{"line":70,"column":46}},"14":{"start":{"line":71,"column":23},"end":{"line":71,"column":46}},"15":{"start":{"line":73,"column":6},"end":{"line":75,"column":7}},"16":{"start":{"line":74,"column":8},"end":{"line":74,"column":49}},"17":{"start":{"line":77,"column":6},"end":{"line":86,"column":7}},"18":{"start":{"line":78,"column":18},"end":{"line":78,"column":53}},"19":{"start":{"line":81,"column":20},"end":{"line":81,"column":32}},"20":{"start":{"line":82,"column":8},"end":{"line":82,"column":73}},"21":{"start":{"line":82,"column":37},"end":{"line":82,"column":73}},"22":{"start":{"line":83,"column":8},"end":{"line":85,"column":9}},"23":{"start":{"line":83,"column":51},"end":{"line":83,"column":72}},"24":{"start":{"line":84,"column":10},"end":{"line":84,"column":58}},"25":{"start":{"line":88,"column":6},"end":{"line":88,"column":56}},"26":{"start":{"line":92,"column":25},"end":{"line":92,"column":65}},"27":{"start":{"line":93,"column":20},"end":{"line":97,"column":27}},"28":{"start":{"line":99,"column":4},"end":{"line":99,"column":69}},"29":{"start":{"line":35,"column":13},"end":{"line":35,"column":36}},"30":{"start":{"line":35,"column":13},"end":{"line":101,"column":null}}},"fnMap":{"0":{"name":"(anonymous_1)","decl":{"start":{"line":35,"column":7},"end":{"line":35,"column":13}},"loc":{"start":{"line":35,"column":7},"end":{"line":101,"column":1}}},"1":{"name":"(anonymous_2)","decl":{"start":{"line":38,"column":2},"end":{"line":38,"column":7}},"loc":{"start":{"line":38,"column":47},"end":{"line":63,"column":3}}},"2":{"name":"(anonymous_3)","decl":{"start":{"line":65,"column":10},"end":{"line":65,"column":23}},"loc":{"start":{"line":65,"column":42},"end":{"line":100,"column":3}}},"3":{"name":"(anonymous_4)","decl":{"start":{"line":83,"column":44},"end":{"line":83,"column":45}},"loc":{"start":{"line":83,"column":51},"end":{"line":83,"column":72}}}},"branchMap":{"0":{"loc":{"start":{"line":47,"column":4},"end":{"line":52,"column":5}},"type":"if","locations":[{"start":{"line":47,"column":4},"end":{"line":52,"column":5}}]},"1":{"loc":{"start":{"line":50,"column":8},"end":{"line":50,"column":72}},"type":"cond-expr","locations":[{"start":{"line":50,"column":37},"end":{"line":50,"column":52}},{"start":{"line":50,"column":55},"end":{"line":50,"column":72}}]},"2":{"loc":{"start":{"line":57,"column":13},"end":{"line":57,"column":46}},"type":"binary-expr","locations":[{"start":{"line":57,"column":13},"end":{"line":57,"column":35}},{"start":{"line":57,"column":39},"end":{"line":57,"column":46}}]},"3":{"loc":{"start":{"line":69,"column":4},"end":{"line":89,"column":5}},"type":"if","locations":[{"start":{"line":69,"column":4},"end":{"line":89,"column":5}}]},"4":{"loc":{"start":{"line":73,"column":6},"end":{"line":75,"column":7}},"type":"if","locations":[{"start":{"line":73,"column":6},"end":{"line":75,"column":7}}]},"5":{"loc":{"start":{"line":77,"column":6},"end":{"line":86,"column":7}},"type":"if","locations":[{"start":{"line":77,"column":6},"end":{"line":86,"column":7}}]},"6":{"loc":{"start":{"line":77,"column":10},"end":{"line":77,"column":59}},"type":"binary-expr","locations":[{"start":{"line":77,"column":10},"end":{"line":77,"column":38}},{"start":{"line":77,"column":42},"end":{"line":77,"column":59}}]},"7":{"loc":{"start":{"line":82,"column":8},"end":{"line":82,"column":73}},"type":"if","locations":[{"start":{"line":82,"column":8},"end":{"line":82,"column":73}}]},"8":{"loc":{"start":{"line":83,"column":8},"end":{"line":85,"column":9}},"type":"if","locations":[{"start":{"line":83,"column":8},"end":{"line":85,"column":9}}]},"9":{"loc":{"start":{"line":83,"column":12},"end":{"line":83,"column":73}},"type":"binary-expr","locations":[{"start":{"line":83,"column":12},"end":{"line":83,"column":30}},{"start":{"line":83,"column":34},"end":{"line":83,"column":73}}]},"10":{"loc":{"start":{"line":93,"column":20},"end":{"line":97,"column":27}},"type":"cond-expr","locations":[{"start":{"line":94,"column":8},"end":{"line":94,"column":31}},{"start":{"line":95,"column":8},"end":{"line":97,"column":27}}]},"11":{"loc":{"start":{"line":95,"column":8},"end":{"line":97,"column":27}},"type":"cond-expr","locations":[{"start":{"line":96,"column":10},"end":{"line":96,"column":27}},{"start":{"line":97,"column":10},"end":{"line":97,"column":27}}]}},"s":{"0":1,"1":1,"2":6,"3":6,"4":6,"5":6,"6":6,"7":6,"8":6,"9":3,"10":6,"11":6,"12":6,"13":3,"14":3,"15":3,"16":0,"17":3,"18":3,"19":3,"20":3,"21":2,"22":1,"23":2,"24":1,"25":0,"26":3,"27":3,"28":3,"29":1,"30":1},"f":{"0":6,"1":6,"2":6,"3":2},"b":{"0":[3],"1":[2,1],"2":[6,0],"3":[3],"4":[0],"5":[3],"6":[3,3],"7":[2],"8":[1],"9":[1,1],"10":[1,2],"11":[1,1]}}
,"C:\\Users\\eynar\\Travail\\Stage\\FICHEPRODUIT\\backend\\src\\core\\http\\guest-session.ts": {"path":"C:\\Users\\eynar\\Travail\\Stage\\FICHEPRODUIT\\backend\\src\\core\\http\\guest-session.ts","statementMap":{"0":{"start":{"line":15,"column":0},"end":{"line":15,"column":16}},"1":{"start":{"line":24,"column":0},"end":{"line":24,"column":16}},"2":{"start":{"line":36,"column":0},"end":{"line":36,"column":16}},"3":{"start":{"line":47,"column":0},"end":{"line":47,"column":16}},"4":{"start":{"line":61,"column":0},"end":{"line":61,"column":16}},"5":{"start":{"line":9,"column":13},"end":{"line":9,"column":70}},"6":{"start":{"line":16,"column":22},"end":{"line":16,"column":85}},"7":{"start":{"line":17,"column":2},"end":{"line":17,"column":51}},"8":{"start":{"line":17,"column":26},"end":{"line":17,"column":51}},"9":{"start":{"line":18,"column":2},"end":{"line":18,"column":19}},"10":{"start":{"line":25,"column":21},"end":{"line":25,"column":48}},"11":{"start":{"line":26,"column":2},"end":{"line":26,"column":36}},"12":{"start":{"line":26,"column":18},"end":{"line":26,"column":36}},"13":{"start":{"line":27,"column":12},"end":{"line":27,"column":39}},"14":{"start":{"line":28,"column":2},"end":{"line":28,"column":57}},"15":{"start":{"line":28,"column":41},"end":{"line":28,"column":57}},"16":{"start":{"line":29,"column":2},"end":{"line":29,"column":59}},"17":{"start":{"line":29,"column":40},"end":{"line":29,"column":59}},"18":{"start":{"line":30,"column":2},"end":{"line":30,"column":19}},"19":{"start":{"line":40,"column":21},"end":{"line":40,"column":48}},"20":{"start":{"line":41,"column":2},"end":{"line":41,"column":31}},"21":{"start":{"line":41,"column":19},"end":{"line":41,"column":31}},"22":{"start":{"line":42,"column":19},"end":{"line":42,"column":40}},"23":{"start":{"line":43,"column":2},"end":{"line":43,"column":55}},"24":{"start":{"line":43,"column":43},"end":{"line":43,"column":55}},"25":{"start":{"line":44,"column":2},"end":{"line":44,"column":20}},"26":{"start":{"line":52,"column":3},"end":{"line":58,"column":5}},"27":{"start":{"line":62,"column":3},"end":{"line":67,"column":5}}},"fnMap":{"0":{"name":"readGuestSessionCookie","decl":{"start":{"line":15,"column":16},"end":{"line":15,"column":38}},"loc":{"start":{"line":15,"column":58},"end":{"line":19,"column":1}}},"1":{"name":"readGuestSessionId","decl":{"start":{"line":24,"column":16},"end":{"line":24,"column":34}},"loc":{"start":{"line":24,"column":54},"end":{"line":31,"column":1}}},"2":{"name":"resolveClaimGuestSessionId","decl":{"start":{"line":36,"column":16},"end":{"line":36,"column":42}},"loc":{"start":{"line":38,"column":24},"end":{"line":45,"column":1}}},"3":{"name":"setGuestSessionCookie","decl":{"start":{"line":47,"column":16},"end":{"line":47,"column":37}},"loc":{"start":{"line":50,"column":49},"end":{"line":59,"column":1}}},"4":{"name":"clearGuestSessionCookie","decl":{"start":{"line":61,"column":16},"end":{"line":61,"column":39}},"loc":{"start":{"line":61,"column":76},"end":{"line":68,"column":1}}}},"branchMap":{"0":{"loc":{"start":{"line":17,"column":2},"end":{"line":17,"column":51}},"type":"if","locations":[{"start":{"line":17,"column":2},"end":{"line":17,"column":51}}]},"1":{"loc":{"start":{"line":26,"column":2},"end":{"line":26,"column":36}},"type":"if","locations":[{"start":{"line":26,"column":2},"end":{"line":26,"column":36}}]},"2":{"loc":{"start":{"line":28,"column":2},"end":{"line":28,"column":57}},"type":"if","locations":[{"start":{"line":28,"column":2},"end":{"line":28,"column":57}}]},"3":{"loc":{"start":{"line":28,"column":6},"end":{"line":28,"column":39}},"type":"binary-expr","locations":[{"start":{"line":28,"column":6},"end":{"line":28,"column":27}},{"start":{"line":28,"column":31},"end":{"line":28,"column":39}}]},"4":{"loc":{"start":{"line":29,"column":2},"end":{"line":29,"column":59}},"type":"if","locations":[{"start":{"line":29,"column":2},"end":{"line":29,"column":59}}]},"5":{"loc":{"start":{"line":29,"column":6},"end":{"line":29,"column":38}},"type":"binary-expr","locations":[{"start":{"line":29,"column":6},"end":{"line":29,"column":22}},{"start":{"line":29,"column":26},"end":{"line":29,"column":38}}]},"6":{"loc":{"start":{"line":41,"column":2},"end":{"line":41,"column":31}},"type":"if","locations":[{"start":{"line":41,"column":2},"end":{"line":41,"column":31}}]},"7":{"loc":{"start":{"line":43,"column":2},"end":{"line":43,"column":55}},"type":"if","locations":[{"start":{"line":43,"column":2},"end":{"line":43,"column":55}}]},"8":{"loc":{"start":{"line":43,"column":6},"end":{"line":43,"column":41}},"type":"binary-expr","locations":[{"start":{"line":43,"column":6},"end":{"line":43,"column":14}},{"start":{"line":43,"column":18},"end":{"line":43,"column":41}}]}},"s":{"0":1,"1":1,"2":1,"3":1,"4":1,"5":1,"6":6,"7":6,"8":4,"9":2,"10":0,"11":0,"12":0,"13":0,"14":0,"15":0,"16":0,"17":0,"18":0,"19":4,"20":4,"21":1,"22":3,"23":3,"24":1,"25":2,"26":0,"27":0},"f":{"0":6,"1":0,"2":4,"3":0,"4":0},"b":{"0":[4],"1":[0],"2":[0],"3":[0,0],"4":[0],"5":[0,0],"6":[1],"7":[1],"8":[3,2]}}
,"C:\\Users\\eynar\\Travail\\Stage\\FICHEPRODUIT\\backend\\src\\core\\scraper\\scrape-url-policy.ts": {"path":"C:\\Users\\eynar\\Travail\\Stage\\FICHEPRODUIT\\backend\\src\\core\\scraper\\scrape-url-policy.ts","statementMap":{"0":{"start":{"line":12,"column":0},"end":{"line":12,"column":7}},"1":{"start":{"line":118,"column":0},"end":{"line":118,"column":7}},"2":{"start":{"line":1,"column":0},"end":{"line":1,"column":43}},"3":{"start":{"line":2,"column":0},"end":{"line":2,"column":42}},"4":{"start":{"line":4,"column":26},"end":{"line":5,"column":null}},"5":{"start":{"line":5,"column":72},"end":{"line":5,"column":87}},"6":{"start":{"line":16,"column":2},"end":{"line":20,"column":3}},"7":{"start":{"line":17,"column":4},"end":{"line":17,"column":21}},"8":{"start":{"line":19,"column":4},"end":{"line":19,"column":49}},"9":{"start":{"line":22,"column":2},"end":{"line":24,"column":3}},"10":{"start":{"line":23,"column":4},"end":{"line":23,"column":83}},"11":{"start":{"line":26,"column":2},"end":{"line":28,"column":3}},"12":{"start":{"line":27,"column":4},"end":{"line":27,"column":74}},"13":{"start":{"line":30,"column":15},"end":{"line":30,"column":39}},"14":{"start":{"line":31,"column":2},"end":{"line":33,"column":3}},"15":{"start":{"line":32,"column":4},"end":{"line":32,"column":50}},"16":{"start":{"line":35,"column":2},"end":{"line":37,"column":3}},"17":{"start":{"line":36,"column":4},"end":{"line":36,"column":54}},"18":{"start":{"line":39,"column":24},"end":{"line":39,"column":63}},"19":{"start":{"line":40,"column":2},"end":{"line":44,"column":3}},"20":{"start":{"line":41,"column":4},"end":{"line":43,"column":21}},"21":{"start":{"line":46,"column":2},"end":{"line":60,"column":3}},"22":{"start":{"line":47,"column":20},"end":{"line":47,"column":69}},"23":{"start":{"line":48,"column":4},"end":{"line":50,"column":5}},"24":{"start":{"line":49,"column":6},"end":{"line":49,"column":58}},"25":{"start":{"line":51,"column":4},"end":{"line":55,"column":5}},"26":{"start":{"line":52,"column":6},"end":{"line":54,"column":7}},"27":{"start":{"line":53,"column":8},"end":{"line":53,"column":99}},"28":{"start":{"line":56,"column":4},"end":{"line":56,"column":24}},"29":{"start":{"line":58,"column":16},"end":{"line":58,"column":67}},"30":{"start":{"line":59,"column":4},"end":{"line":59,"column":48}},"31":{"start":{"line":64,"column":2},"end":{"line":66,"column":3}},"32":{"start":{"line":65,"column":4},"end":{"line":65,"column":41}},"33":{"start":{"line":67,"column":2},"end":{"line":69,"column":3}},"34":{"start":{"line":68,"column":4},"end":{"line":68,"column":41}},"35":{"start":{"line":70,"column":2},"end":{"line":70,"column":14}},"36":{"start":{"line":74,"column":16},"end":{"line":74,"column":64}},"37":{"start":{"line":74,"column":41},"end":{"line":74,"column":63}},"38":{"start":{"line":75,"column":2},"end":{"line":77,"column":3}},"39":{"start":{"line":75,"column":46},"end":{"line":75,"column":81}},"40":{"start":{"line":76,"column":4},"end":{"line":76,"column":16}},"41":{"start":{"line":78,"column":17},"end":{"line":78,"column":22}},"42":{"start":{"line":80,"column":2},"end":{"line":80,"column":40}},"43":{"start":{"line":80,"column":28},"end":{"line":80,"column":40}},"44":{"start":{"line":81,"column":2},"end":{"line":81,"column":28}},"45":{"start":{"line":81,"column":16},"end":{"line":81,"column":28}},"46":{"start":{"line":82,"column":2},"end":{"line":82,"column":52}},"47":{"start":{"line":82,"column":40},"end":{"line":82,"column":52}},"48":{"start":{"line":83,"column":2},"end":{"line":83,"column":42}},"49":{"start":{"line":83,"column":30},"end":{"line":83,"column":42}},"50":{"start":{"line":84,"column":2},"end":{"line":84,"column":51}},"51":{"start":{"line":84,"column":39},"end":{"line":84,"column":51}},"52":{"start":{"line":85,"column":2},"end":{"line":85,"column":42}},"53":{"start":{"line":85,"column":30},"end":{"line":85,"column":42}},"54":{"start":{"line":86,"column":2},"end":{"line":86,"column":28}},"55":{"start":{"line":86,"column":16},"end":{"line":86,"column":28}},"56":{"start":{"line":87,"column":2},"end":{"line":87,"column":15}},"57":{"start":{"line":91,"column":16},"end":{"line":91,"column":54}},"58":{"start":{"line":93,"column":2},"end":{"line":93,"column":35}},"59":{"start":{"line":93,"column":23},"end":{"line":93,"column":35}},"60":{"start":{"line":95,"column":2},"end":{"line":95,"column":74}},"61":{"start":{"line":95,"column":62},"end":{"line":95,"column":74}},"62":{"start":{"line":97,"column":22},"end":{"line":97,"column":70}},"63":{"start":{"line":97,"column":51},"end":{"line":97,"column":63}},"64":{"start":{"line":98,"column":2},"end":{"line":98,"column":80}},"65":{"start":{"line":98,"column":68},"end":{"line":98,"column":80}},"66":{"start":{"line":99,"column":2},"end":{"line":99,"column":48}},"67":{"start":{"line":99,"column":36},"end":{"line":99,"column":48}},"68":{"start":{"line":101,"column":19},"end":{"line":101,"column":51}},"69":{"start":{"line":102,"column":2},"end":{"line":102,"column":57}},"70":{"start":{"line":102,"column":16},"end":{"line":102,"column":57}},"71":{"start":{"line":104,"column":2},"end":{"line":104,"column":15}},"72":{"start":{"line":107,"column":26},"end":{"line":107,"column":27}},"73":{"start":{"line":108,"column":26},"end":{"line":108,"column":60}},"74":{"start":{"line":127,"column":16},"end":{"line":127,"column":19}},"75":{"start":{"line":129,"column":2},"end":{"line":171,"column":3}},"76":{"start":{"line":129,"column":17},"end":{"line":129,"column":18}},"77":{"start":{"line":130,"column":17},"end":{"line":130,"column":59}},"78":{"start":{"line":131,"column":4},"end":{"line":133,"column":5}},"79":{"start":{"line":132,"column":6},"end":{"line":132,"column":47}},"80":{"start":{"line":136,"column":4},"end":{"line":150,"column":5}},"81":{"start":{"line":137,"column":6},"end":{"line":146,"column":9}},"82":{"start":{"line":148,"column":22},"end":{"line":148,"column":73}},"83":{"start":{"line":149,"column":6},"end":{"line":149,"column":43}},"84":{"start":{"line":152,"column":4},"end":{"line":163,"column":5}},"85":{"start":{"line":153,"column":23},"end":{"line":153,"column":50}},"86":{"start":{"line":154,"column":6},"end":{"line":156,"column":7}},"87":{"start":{"line":155,"column":8},"end":{"line":155,"column":78}},"88":{"start":{"line":157,"column":6},"end":{"line":161,"column":7}},"89":{"start":{"line":158,"column":8},"end":{"line":158,"column":57}},"90":{"start":{"line":160,"column":8},"end":{"line":160,"column":67}},"91":{"start":{"line":162,"column":6},"end":{"line":162,"column":15}},"92":{"start":{"line":165,"column":4},"end":{"line":167,"column":5}},"93":{"start":{"line":166,"column":6},"end":{"line":166,"column":56}},"94":{"start":{"line":169,"column":17},"end":{"line":169,"column":33}},"95":{"start":{"line":170,"column":4},"end":{"line":170,"column":49}},"96":{"start":{"line":173,"column":2},"end":{"line":173,"column":59}},"97":{"start":{"line":177,"column":17},"end":{"line":177,"column":26}},"98":{"start":{"line":178,"column":14},"end":{"line":178,"column":48}},"99":{"start":{"line":179,"column":2},"end":{"line":179,"column":30}},"100":{"start":{"line":179,"column":18},"end":{"line":179,"column":30}},"101":{"start":{"line":180,"column":15},"end":{"line":180,"column":46}},"102":{"start":{"line":181,"column":2},"end":{"line":181,"column":32}},"103":{"start":{"line":181,"column":20},"end":{"line":181,"column":32}},"104":{"start":{"line":182,"column":16},"end":{"line":182,"column":37}},"105":{"start":{"line":183,"column":2},"end":{"line":186,"column":3}},"106":{"start":{"line":184,"column":18},"end":{"line":184,"column":39}},"107":{"start":{"line":185,"column":4},"end":{"line":185,"column":36}},"108":{"start":{"line":185,"column":23},"end":{"line":185,"column":36}},"109":{"start":{"line":187,"column":2},"end":{"line":187,"column":14}}},"fnMap":{"0":{"name":"(anonymous_0)","decl":{"start":{"line":5,"column":65},"end":{"line":5,"column":66}},"loc":{"start":{"line":5,"column":72},"end":{"line":5,"column":87}}},"1":{"name":"assertUrlSafeForServerFetch","decl":{"start":{"line":12,"column":22},"end":{"line":12,"column":49}},"loc":{"start":{"line":13,"column":13},"end":{"line":61,"column":1}}},"2":{"name":"isBlockedIpLiteral","decl":{"start":{"line":63,"column":9},"end":{"line":63,"column":27}},"loc":{"start":{"line":63,"column":40},"end":{"line":71,"column":1}}},"3":{"name":"isPrivateOrReservedIpv4","decl":{"start":{"line":73,"column":9},"end":{"line":73,"column":32}},"loc":{"start":{"line":73,"column":43},"end":{"line":88,"column":1}}},"4":{"name":"(anonymous_4)","decl":{"start":{"line":74,"column":34},"end":{"line":74,"column":35}},"loc":{"start":{"line":74,"column":41},"end":{"line":74,"column":63}}},"5":{"name":"(anonymous_5)","decl":{"start":{"line":75,"column":39},"end":{"line":75,"column":40}},"loc":{"start":{"line":75,"column":46},"end":{"line":75,"column":81}}},"6":{"name":"isPrivateOrReservedIpv6","decl":{"start":{"line":90,"column":9},"end":{"line":90,"column":32}},"loc":{"start":{"line":90,"column":45},"end":{"line":105,"column":1}}},"7":{"name":"(anonymous_7)","decl":{"start":{"line":97,"column":44},"end":{"line":97,"column":45}},"loc":{"start":{"line":97,"column":51},"end":{"line":97,"column":63}}},"8":{"name":"fetchHtmlSafeForServer","decl":{"start":{"line":118,"column":22},"end":{"line":118,"column":44}},"loc":{"start":{"line":125,"column":3},"end":{"line":174,"column":1}}},"9":{"name":"extractIpv4FromIpv6Mapped","decl":{"start":{"line":176,"column":9},"end":{"line":176,"column":34}},"loc":{"start":{"line":176,"column":47},"end":{"line":188,"column":1}}}},"branchMap":{"0":{"loc":{"start":{"line":22,"column":2},"end":{"line":24,"column":3}},"type":"if","locations":[{"start":{"line":22,"column":2},"end":{"line":24,"column":3}}]},"1":{"loc":{"start":{"line":22,"column":6},"end":{"line":22,"column":55}},"type":"binary-expr","locations":[{"start":{"line":22,"column":6},"end":{"line":22,"column":28}},{"start":{"line":22,"column":32},"end":{"line":22,"column":55}}]},"2":{"loc":{"start":{"line":26,"column":2},"end":{"line":28,"column":3}},"type":"if","locations":[{"start":{"line":26,"column":2},"end":{"line":28,"column":3}}]},"3":{"loc":{"start":{"line":26,"column":6},"end":{"line":26,"column":30}},"type":"binary-expr","locations":[{"start":{"line":26,"column":6},"end":{"line":26,"column":16}},{"start":{"line":26,"column":20},"end":{"line":26,"column":30}}]},"4":{"loc":{"start":{"line":31,"column":2},"end":{"line":33,"column":3}},"type":"if","locations":[{"start":{"line":31,"column":2},"end":{"line":33,"column":3}}]},"5":{"loc":{"start":{"line":35,"column":2},"end":{"line":37,"column":3}},"type":"if","locations":[{"start":{"line":35,"column":2},"end":{"line":37,"column":3}}]},"6":{"loc":{"start":{"line":35,"column":6},"end":{"line":35,"column":91}},"type":"binary-expr","locations":[{"start":{"line":35,"column":6},"end":{"line":35,"column":33}},{"start":{"line":35,"column":37},"end":{"line":35,"column":64}},{"start":{"line":35,"column":68},"end":{"line":35,"column":91}}]},"7":{"loc":{"start":{"line":39,"column":24},"end":{"line":39,"column":63}},"type":"cond-expr","locations":[{"start":{"line":39,"column":39},"end":{"line":39,"column":40}},{"start":{"line":39,"column":43},"end":{"line":39,"column":63}}]},"8":{"loc":{"start":{"line":39,"column":43},"end":{"line":39,"column":63}},"type":"cond-expr","locations":[{"start":{"line":39,"column":58},"end":{"line":39,"column":59}},{"start":{"line":39,"column":62},"end":{"line":39,"column":63}}]},"9":{"loc":{"start":{"line":40,"column":2},"end":{"line":44,"column":3}},"type":"if","locations":[{"start":{"line":40,"column":2},"end":{"line":44,"column":3}}]},"10":{"loc":{"start":{"line":40,"column":6},"end":{"line":40,"column":48}},"type":"binary-expr","locations":[{"start":{"line":40,"column":6},"end":{"line":40,"column":25}},{"start":{"line":40,"column":29},"end":{"line":40,"column":48}}]},"11":{"loc":{"start":{"line":41,"column":11},"end":{"line":43,"column":20}},"type":"cond-expr","locations":[{"start":{"line":42,"column":8},"end":{"line":42,"column":57}},{"start":{"line":43,"column":8},"end":{"line":43,"column":20}}]},"12":{"loc":{"start":{"line":48,"column":4},"end":{"line":50,"column":5}},"type":"if","locations":[{"start":{"line":48,"column":4},"end":{"line":50,"column":5}}]},"13":{"loc":{"start":{"line":52,"column":6},"end":{"line":54,"column":7}},"type":"if","locations":[{"start":{"line":52,"column":6},"end":{"line":54,"column":7}}]},"14":{"loc":{"start":{"line":58,"column":16},"end":{"line":58,"column":67}},"type":"cond-expr","locations":[{"start":{"line":58,"column":37},"end":{"line":58,"column":46}},{"start":{"line":58,"column":49},"end":{"line":58,"column":67}}]},"15":{"loc":{"start":{"line":64,"column":2},"end":{"line":66,"column":3}},"type":"if","locations":[{"start":{"line":64,"column":2},"end":{"line":66,"column":3}}]},"16":{"loc":{"start":{"line":67,"column":2},"end":{"line":69,"column":3}},"type":"if","locations":[{"start":{"line":67,"column":2},"end":{"line":69,"column":3}}]},"17":{"loc":{"start":{"line":75,"column":2},"end":{"line":77,"column":3}},"type":"if","locations":[{"start":{"line":75,"column":2},"end":{"line":77,"column":3}}]},"18":{"loc":{"start":{"line":75,"column":6},"end":{"line":75,"column":82}},"type":"binary-expr","locations":[{"start":{"line":75,"column":6},"end":{"line":75,"column":24}},{"start":{"line":75,"column":28},"end":{"line":75,"column":82}}]},"19":{"loc":{"start":{"line":75,"column":46},"end":{"line":75,"column":81}},"type":"binary-expr","locations":[{"start":{"line":75,"column":46},"end":{"line":75,"column":61}},{"start":{"line":75,"column":65},"end":{"line":75,"column":70}},{"start":{"line":75,"column":74},"end":{"line":75,"column":81}}]},"20":{"loc":{"start":{"line":80,"column":2},"end":{"line":80,"column":40}},"type":"if","locations":[{"start":{"line":80,"column":2},"end":{"line":80,"column":40}}]},"21":{"loc":{"start":{"line":80,"column":6},"end":{"line":80,"column":26}},"type":"binary-expr","locations":[{"start":{"line":80,"column":6},"end":{"line":80,"column":13}},{"start":{"line":80,"column":17},"end":{"line":80,"column":26}}]},"22":{"loc":{"start":{"line":81,"column":2},"end":{"line":81,"column":28}},"type":"if","locations":[{"start":{"line":81,"column":2},"end":{"line":81,"column":28}}]},"23":{"loc":{"start":{"line":82,"column":2},"end":{"line":82,"column":52}},"type":"if","locations":[{"start":{"line":82,"column":2},"end":{"line":82,"column":52}}]},"24":{"loc":{"start":{"line":82,"column":6},"end":{"line":82,"column":38}},"type":"binary-expr","locations":[{"start":{"line":82,"column":6},"end":{"line":82,"column":15}},{"start":{"line":82,"column":19},"end":{"line":82,"column":26}},{"start":{"line":82,"column":30},"end":{"line":82,"column":38}}]},"25":{"loc":{"start":{"line":83,"column":2},"end":{"line":83,"column":42}},"type":"if","locations":[{"start":{"line":83,"column":2},"end":{"line":83,"column":42}}]},"26":{"loc":{"start":{"line":83,"column":6},"end":{"line":83,"column":28}},"type":"binary-expr","locations":[{"start":{"line":83,"column":6},"end":{"line":83,"column":15}},{"start":{"line":83,"column":19},"end":{"line":83,"column":28}}]},"27":{"loc":{"start":{"line":84,"column":2},"end":{"line":84,"column":51}},"type":"if","locations":[{"start":{"line":84,"column":2},"end":{"line":84,"column":51}}]},"28":{"loc":{"start":{"line":84,"column":6},"end":{"line":84,"column":37}},"type":"binary-expr","locations":[{"start":{"line":84,"column":6},"end":{"line":84,"column":15}},{"start":{"line":84,"column":19},"end":{"line":84,"column":26}},{"start":{"line":84,"column":30},"end":{"line":84,"column":37}}]},"29":{"loc":{"start":{"line":85,"column":2},"end":{"line":85,"column":42}},"type":"if","locations":[{"start":{"line":85,"column":2},"end":{"line":85,"column":42}}]},"30":{"loc":{"start":{"line":85,"column":6},"end":{"line":85,"column":28}},"type":"binary-expr","locations":[{"start":{"line":85,"column":6},"end":{"line":85,"column":15}},{"start":{"line":85,"column":19},"end":{"line":85,"column":28}}]},"31":{"loc":{"start":{"line":86,"column":2},"end":{"line":86,"column":28}},"type":"if","locations":[{"start":{"line":86,"column":2},"end":{"line":86,"column":28}}]},"32":{"loc":{"start":{"line":91,"column":16},"end":{"line":91,"column":54}},"type":"binary-expr","locations":[{"start":{"line":91,"column":16},"end":{"line":91,"column":48}},{"start":{"line":91,"column":52},"end":{"line":91,"column":54}}]},"33":{"loc":{"start":{"line":93,"column":2},"end":{"line":93,"column":35}},"type":"if","locations":[{"start":{"line":93,"column":2},"end":{"line":93,"column":35}}]},"34":{"loc":{"start":{"line":95,"column":2},"end":{"line":95,"column":74}},"type":"if","locations":[{"start":{"line":95,"column":2},"end":{"line":95,"column":74}}]},"35":{"loc":{"start":{"line":95,"column":6},"end":{"line":95,"column":60}},"type":"binary-expr","locations":[{"start":{"line":95,"column":6},"end":{"line":95,"column":31}},{"start":{"line":95,"column":35},"end":{"line":95,"column":60}}]},"36":{"loc":{"start":{"line":97,"column":22},"end":{"line":97,"column":70}},"type":"binary-expr","locations":[{"start":{"line":97,"column":22},"end":{"line":97,"column":64}},{"start":{"line":97,"column":68},"end":{"line":97,"column":70}}]},"37":{"loc":{"start":{"line":98,"column":2},"end":{"line":98,"column":80}},"type":"if","locations":[{"start":{"line":98,"column":2},"end":{"line":98,"column":80}}]},"38":{"loc":{"start":{"line":98,"column":6},"end":{"line":98,"column":66}},"type":"binary-expr","locations":[{"start":{"line":98,"column":6},"end":{"line":98,"column":34}},{"start":{"line":98,"column":38},"end":{"line":98,"column":66}}]},"39":{"loc":{"start":{"line":99,"column":2},"end":{"line":99,"column":48}},"type":"if","locations":[{"start":{"line":99,"column":2},"end":{"line":99,"column":48}}]},"40":{"loc":{"start":{"line":102,"column":2},"end":{"line":102,"column":57}},"type":"if","locations":[{"start":{"line":102,"column":2},"end":{"line":102,"column":57}}]},"41":{"loc":{"start":{"line":131,"column":4},"end":{"line":133,"column":5}},"type":"if","locations":[{"start":{"line":131,"column":4},"end":{"line":133,"column":5}}]},"42":{"loc":{"start":{"line":142,"column":12},"end":{"line":142,"column":95}},"type":"binary-expr","locations":[{"start":{"line":142,"column":12},"end":{"line":142,"column":26}},{"start":{"line":142,"column":30},"end":{"line":142,"column":95}}]},"43":{"loc":{"start":{"line":148,"column":22},"end":{"line":148,"column":73}},"type":"cond-expr","locations":[{"start":{"line":148,"column":45},"end":{"line":148,"column":56}},{"start":{"line":148,"column":59},"end":{"line":148,"column":73}}]},"44":{"loc":{"start":{"line":152,"column":4},"end":{"line":163,"column":5}},"type":"if","locations":[{"start":{"line":152,"column":4},"end":{"line":163,"column":5}}]},"45":{"loc":{"start":{"line":154,"column":6},"end":{"line":156,"column":7}},"type":"if","locations":[{"start":{"line":154,"column":6},"end":{"line":156,"column":7}}]},"46":{"loc":{"start":{"line":165,"column":4},"end":{"line":167,"column":5}},"type":"if","locations":[{"start":{"line":165,"column":4},"end":{"line":167,"column":5}}]},"47":{"loc":{"start":{"line":179,"column":2},"end":{"line":179,"column":30}},"type":"if","locations":[{"start":{"line":179,"column":2},"end":{"line":179,"column":30}}]},"48":{"loc":{"start":{"line":181,"column":2},"end":{"line":181,"column":32}},"type":"if","locations":[{"start":{"line":181,"column":2},"end":{"line":181,"column":32}}]},"49":{"loc":{"start":{"line":183,"column":2},"end":{"line":186,"column":3}},"type":"if","locations":[{"start":{"line":183,"column":2},"end":{"line":186,"column":3}}]},"50":{"loc":{"start":{"line":185,"column":4},"end":{"line":185,"column":36}},"type":"if","locations":[{"start":{"line":185,"column":4},"end":{"line":185,"column":36}}]}},"s":{"0":6,"1":6,"2":6,"3":6,"4":6,"5":18,"6":8,"7":8,"8":0,"9":8,"10":1,"11":7,"12":0,"13":7,"14":7,"15":0,"16":7,"17":1,"18":6,"19":6,"20":3,"21":3,"22":3,"23":3,"24":0,"25":3,"26":3,"27":1,"28":2,"29":0,"30":0,"31":6,"32":6,"33":0,"34":0,"35":0,"36":6,"37":24,"38":6,"39":24,"40":0,"41":6,"42":6,"43":2,"44":4,"45":1,"46":3,"47":0,"48":3,"49":0,"50":3,"51":0,"52":3,"53":0,"54":3,"55":0,"56":3,"57":0,"58":0,"59":0,"60":0,"61":0,"62":0,"63":0,"64":0,"65":0,"66":0,"67":0,"68":0,"69":0,"70":0,"71":0,"72":6,"73":6,"74":1,"75":1,"76":1,"77":2,"78":2,"79":1,"80":1,"81":1,"82":0,"83":0,"84":1,"85":1,"86":1,"87":0,"88":1,"89":1,"90":0,"91":1,"92":0,"93":0,"94":0,"95":0,"96":0,"97":0,"98":0,"99":0,"100":0,"101":0,"102":0,"103":0,"104":0,"105":0,"106":0,"107":0,"108":0,"109":0},"f":{"0":18,"1":8,"2":6,"3":6,"4":24,"5":24,"6":0,"7":0,"8":1,"9":0},"b":{"0":[1],"1":[8,1],"2":[0],"3":[7,7],"4":[0],"5":[1],"6":[7,6,6],"7":[3,3],"8":[0,3],"9":[3],"10":[6,3],"11":[2,1],"12":[0],"13":[1],"14":[0,0],"15":[6],"16":[0],"17":[0],"18":[6,6],"19":[24,24,24],"20":[2],"21":[6,6],"22":[1],"23":[0],"24":[3,0,0],"25":[0],"26":[3,0],"27":[0],"28":[3,0,0],"29":[0],"30":[3,0],"31":[0],"32":[0,0],"33":[0],"34":[0],"35":[0,0],"36":[0,0],"37":[0],"38":[0,0],"39":[0],"40":[0],"41":[1],"42":[1,1],"43":[0,0],"44":[1],"45":[0],"46":[0],"47":[0],"48":[0],"49":[0],"50":[0]}}
,"C:\\Users\\eynar\\Travail\\Stage\\FICHEPRODUIT\\backend\\src\\core\\scraper\\site-classifier.service.ts": {"path":"C:\\Users\\eynar\\Travail\\Stage\\FICHEPRODUIT\\backend\\src\\core\\scraper\\site-classifier.service.ts","statementMap":{"0":{"start":{"line":1,"column":0},"end":{"line":1,"column":52}},"1":{"start":{"line":2,"column":0},"end":{"line":2,"column":47}},"2":{"start":{"line":3,"column":0},"end":{"line":3,"column":99}},"3":{"start":{"line":5,"column":0},"end":{"line":5,"column":54}},"4":{"start":{"line":7,"column":34},"end":{"line":7,"column":63}},"5":{"start":{"line":10,"column":34},"end":{"line":165,"column":null}},"6":{"start":{"line":13,"column":31},"end":{"line":13,"column":39}},"7":{"start":{"line":11,"column":19},"end":{"line":11,"column":67}},"8":{"start":{"line":22,"column":18},"end":{"line":22,"column":35}},"9":{"start":{"line":23,"column":23},"end":{"line":23,"column":45}},"10":{"start":{"line":26,"column":19},"end":{"line":26,"column":58}},"11":{"start":{"line":27,"column":4},"end":{"line":39,"column":5}},"12":{"start":{"line":28,"column":6},"end":{"line":38,"column":7}},"13":{"start":{"line":29,"column":23},"end":{"line":34,"column":10}},"14":{"start":{"line":35,"column":8},"end":{"line":35,"column":34}},"15":{"start":{"line":35,"column":20},"end":{"line":35,"column":34}},"16":{"start":{"line":37,"column":8},"end":{"line":37,"column":90}},"17":{"start":{"line":42,"column":4},"end":{"line":42,"column":61}},"18":{"start":{"line":51,"column":16},"end":{"line":51,"column":55}},"19":{"start":{"line":52,"column":18},"end":{"line":52,"column":71}},"20":{"start":{"line":53,"column":4},"end":{"line":53,"column":26}},"21":{"start":{"line":53,"column":14},"end":{"line":53,"column":26}},"22":{"start":{"line":55,"column":16},"end":{"line":87,"column":6}},"23":{"start":{"line":89,"column":4},"end":{"line":89,"column":29}},"24":{"start":{"line":89,"column":17},"end":{"line":89,"column":29}},"25":{"start":{"line":91,"column":18},"end":{"line":91,"column":52}},"26":{"start":{"line":91,"column":48},"end":{"line":91,"column":50}},"27":{"start":{"line":94,"column":17},"end":{"line":94,"column":53}},"28":{"start":{"line":95,"column":4},"end":{"line":95,"column":27}},"29":{"start":{"line":95,"column":15},"end":{"line":95,"column":27}},"30":{"start":{"line":97,"column":4},"end":{"line":128,"column":5}},"31":{"start":{"line":98,"column":21},"end":{"line":98,"column":null}},"32":{"start":{"line":105,"column":8},"end":{"line":105,"column":89}},"33":{"start":{"line":107,"column":25},"end":{"line":112,"column":12}},"34":{"start":{"line":109,"column":40},"end":{"line":109,"column":61}},"35":{"start":{"line":110,"column":24},"end":{"line":110,"column":32}},"36":{"start":{"line":114,"column":21},"end":{"line":116,"column":12}},"37":{"start":{"line":115,"column":55},"end":{"line":115,"column":76}},"38":{"start":{"line":118,"column":6},"end":{"line":118,"column":40}},"39":{"start":{"line":118,"column":28},"end":{"line":118,"column":40}},"40":{"start":{"line":120,"column":6},"end":{"line":125,"column":9}},"41":{"start":{"line":127,"column":6},"end":{"line":127,"column":18}},"42":{"start":{"line":132,"column":20},"end":{"line":132,"column":93}},"43":{"start":{"line":132,"column":53},"end":{"line":132,"column":92}},"44":{"start":{"line":132,"column":79},"end":{"line":132,"column":91}},"45":{"start":{"line":134,"column":4},"end":{"line":141,"column":5}},"46":{"start":{"line":135,"column":6},"end":{"line":140,"column":8}},"47":{"start":{"line":143,"column":23},"end":{"line":143,"column":73}},"48":{"start":{"line":143,"column":58},"end":{"line":143,"column":70}},"49":{"start":{"line":146,"column":6},"end":{"line":151,"column":30}},"50":{"start":{"line":149,"column":24},"end":{"line":149,"column":84}},"51":{"start":{"line":153,"column":4},"end":{"line":158,"column":7}},"52":{"start":{"line":162,"column":19},"end":{"line":162,"column":53}},"53":{"start":{"line":163,"column":4},"end":{"line":163,"column":33}},"54":{"start":{"line":10,"column":13},"end":{"line":10,"column":34}},"55":{"start":{"line":10,"column":13},"end":{"line":165,"column":null}}},"fnMap":{"0":{"name":"(anonymous_2)","decl":{"start":{"line":13,"column":2},"end":{"line":13,"column":31}},"loc":{"start":{"line":13,"column":52},"end":{"line":13,"column":56}}},"1":{"name":"(anonymous_3)","decl":{"start":{"line":15,"column":2},"end":{"line":15,"column":7}},"loc":{"start":{"line":21,"column":3},"end":{"line":43,"column":3}}},"2":{"name":"(anonymous_4)","decl":{"start":{"line":45,"column":10},"end":{"line":45,"column":15}},"loc":{"start":{"line":50,"column":3},"end":{"line":129,"column":3}}},"3":{"name":"(anonymous_5)","decl":{"start":{"line":91,"column":41},"end":{"line":91,"column":44}},"loc":{"start":{"line":91,"column":48},"end":{"line":91,"column":50}}},"4":{"name":"(anonymous_6)","decl":{"start":{"line":109,"column":20},"end":{"line":109,"column":21}},"loc":{"start":{"line":109,"column":40},"end":{"line":109,"column":61}}},"5":{"name":"(anonymous_7)","decl":{"start":{"line":110,"column":17},"end":{"line":110,"column":18}},"loc":{"start":{"line":110,"column":24},"end":{"line":110,"column":32}}},"6":{"name":"(anonymous_8)","decl":{"start":{"line":115,"column":35},"end":{"line":115,"column":36}},"loc":{"start":{"line":115,"column":55},"end":{"line":115,"column":76}}},"7":{"name":"(anonymous_9)","decl":{"start":{"line":131,"column":10},"end":{"line":131,"column":27}},"loc":{"start":{"line":131,"column":40},"end":{"line":159,"column":3}}},"8":{"name":"(anonymous_10)","decl":{"start":{"line":132,"column":43},"end":{"line":132,"column":44}},"loc":{"start":{"line":132,"column":53},"end":{"line":132,"column":92}}},"9":{"name":"(anonymous_11)","decl":{"start":{"line":132,"column":72},"end":{"line":132,"column":73}},"loc":{"start":{"line":132,"column":79},"end":{"line":132,"column":91}}},"10":{"name":"(anonymous_12)","decl":{"start":{"line":143,"column":51},"end":{"line":143,"column":52}},"loc":{"start":{"line":143,"column":58},"end":{"line":143,"column":70}}},"11":{"name":"(anonymous_13)","decl":{"start":{"line":149,"column":17},"end":{"line":149,"column":18}},"loc":{"start":{"line":149,"column":24},"end":{"line":149,"column":84}}},"12":{"name":"(anonymous_14)","decl":{"start":{"line":161,"column":10},"end":{"line":161,"column":33}},"loc":{"start":{"line":161,"column":56},"end":{"line":164,"column":3}}}},"branchMap":{"0":{"loc":{"start":{"line":22,"column":18},"end":{"line":22,"column":35}},"type":"binary-expr","locations":[{"start":{"line":22,"column":18},"end":{"line":22,"column":29}},{"start":{"line":22,"column":33},"end":{"line":22,"column":35}}]},"1":{"loc":{"start":{"line":23,"column":23},"end":{"line":23,"column":45}},"type":"binary-expr","locations":[{"start":{"line":23,"column":23},"end":{"line":23,"column":39}},{"start":{"line":23,"column":43},"end":{"line":23,"column":45}}]},"2":{"loc":{"start":{"line":27,"column":4},"end":{"line":39,"column":5}},"type":"if","locations":[{"start":{"line":27,"column":4},"end":{"line":39,"column":5}}]},"3":{"loc":{"start":{"line":31,"column":15},"end":{"line":31,"column":37}},"type":"binary-expr","locations":[{"start":{"line":31,"column":15},"end":{"line":31,"column":24}},{"start":{"line":31,"column":28},"end":{"line":31,"column":37}}]},"4":{"loc":{"start":{"line":35,"column":8},"end":{"line":35,"column":34}},"type":"if","locations":[{"start":{"line":35,"column":8},"end":{"line":35,"column":34}}]},"5":{"loc":{"start":{"line":53,"column":4},"end":{"line":53,"column":26}},"type":"if","locations":[{"start":{"line":53,"column":4},"end":{"line":53,"column":26}}]},"6":{"loc":{"start":{"line":89,"column":4},"end":{"line":89,"column":29}},"type":"if","locations":[{"start":{"line":89,"column":4},"end":{"line":89,"column":29}}]},"7":{"loc":{"start":{"line":95,"column":4},"end":{"line":95,"column":27}},"type":"if","locations":[{"start":{"line":95,"column":4},"end":{"line":95,"column":27}}]},"8":{"loc":{"start":{"line":105,"column":8},"end":{"line":105,"column":89}},"type":"cond-expr","locations":[{"start":{"line":105,"column":53},"end":{"line":105,"column":82}},{"start":{"line":105,"column":85},"end":{"line":105,"column":89}}]},"9":{"loc":{"start":{"line":107,"column":25},"end":{"line":112,"column":12}},"type":"cond-expr","locations":[{"start":{"line":108,"column":10},"end":{"line":111,"column":28}},{"start":{"line":112,"column":10},"end":{"line":112,"column":12}}]},"10":{"loc":{"start":{"line":114,"column":21},"end":{"line":116,"column":12}},"type":"cond-expr","locations":[{"start":{"line":115,"column":10},"end":{"line":115,"column":77}},{"start":{"line":116,"column":10},"end":{"line":116,"column":12}}]},"11":{"loc":{"start":{"line":118,"column":6},"end":{"line":118,"column":40}},"type":"if","locations":[{"start":{"line":118,"column":6},"end":{"line":118,"column":40}}]},"12":{"loc":{"start":{"line":121,"column":16},"end":{"line":121,"column":37}},"type":"binary-expr","locations":[{"start":{"line":121,"column":16},"end":{"line":121,"column":29}},{"start":{"line":121,"column":33},"end":{"line":121,"column":37}}]},"13":{"loc":{"start":{"line":134,"column":4},"end":{"line":141,"column":5}},"type":"if","locations":[{"start":{"line":134,"column":4},"end":{"line":141,"column":5}}]},"14":{"loc":{"start":{"line":146,"column":6},"end":{"line":151,"column":30}},"type":"cond-expr","locations":[{"start":{"line":147,"column":10},"end":{"line":147,"column":36}},{"start":{"line":148,"column":10},"end":{"line":151,"column":30}}]},"15":{"loc":{"start":{"line":154,"column":14},"end":{"line":154,"column":35}},"type":"binary-expr","locations":[{"start":{"line":154,"column":14},"end":{"line":154,"column":27}},{"start":{"line":154,"column":31},"end":{"line":154,"column":35}}]}},"s":{"0":4,"1":4,"2":4,"3":4,"4":4,"5":4,"6":1,"7":1,"8":3,"9":3,"10":3,"11":3,"12":0,"13":0,"14":0,"15":0,"16":0,"17":3,"18":0,"19":0,"20":0,"21":0,"22":0,"23":0,"24":0,"25":0,"26":0,"27":0,"28":0,"29":0,"30":0,"31":0,"32":0,"33":0,"34":0,"35":0,"36":0,"37":0,"38":0,"39":0,"40":0,"41":0,"42":3,"43":9,"44":39,"45":3,"46":1,"47":2,"48":2,"49":2,"50":0,"51":2,"52":2,"53":2,"54":4,"55":4},"f":{"0":1,"1":3,"2":0,"3":0,"4":0,"5":0,"6":0,"7":3,"8":9,"9":39,"10":2,"11":0,"12":2},"b":{"0":[3,0],"1":[3,0],"2":[0],"3":[0,0],"4":[0],"5":[0],"6":[0],"7":[0],"8":[0,0],"9":[0,0],"10":[0,0],"11":[0],"12":[0,0],"13":[1],"14":[2,0],"15":[2,0]}}
,"C:\\Users\\eynar\\Travail\\Stage\\FICHEPRODUIT\\backend\\src\\core\\scraper\\site-scraper.service.ts": {"path":"C:\\Users\\eynar\\Travail\\Stage\\FICHEPRODUIT\\backend\\src\\core\\scraper\\site-scraper.service.ts","statementMap":{"0":{"start":{"line":1,"column":0},"end":{"line":1,"column":52}},"1":{"start":{"line":2,"column":0},"end":{"line":2,"column":31}},"2":{"start":{"line":3,"column":0},"end":{"line":3,"column":61}},"3":{"start":{"line":6,"column":25},"end":{"line":6,"column":31}},"4":{"start":{"line":7,"column":24},"end":{"line":7,"column":30}},"5":{"start":{"line":9,"column":19},"end":{"line":9,"column":95}},"6":{"start":{"line":12,"column":31},"end":{"line":76,"column":null}},"7":{"start":{"line":13,"column":19},"end":{"line":13,"column":64}},"8":{"start":{"line":16,"column":20},"end":{"line":19,"column":6}},"9":{"start":{"line":21,"column":4},"end":{"line":24,"column":5}},"10":{"start":{"line":22,"column":6},"end":{"line":22,"column":81}},"11":{"start":{"line":23,"column":6},"end":{"line":23,"column":49}},"12":{"start":{"line":26,"column":21},"end":{"line":26,"column":28}},"13":{"start":{"line":27,"column":16},"end":{"line":27,"column":36}},"14":{"start":{"line":28,"column":18},"end":{"line":28,"column":41}},"15":{"start":{"line":29,"column":23},"end":{"line":29,"column":51}},"16":{"start":{"line":31,"column":4},"end":{"line":31,"column":54}},"17":{"start":{"line":38,"column":14},"end":{"line":38,"column":32}},"18":{"start":{"line":39,"column":4},"end":{"line":39,"column":81}},"19":{"start":{"line":39,"column":64},"end":{"line":39,"column":81}},"20":{"start":{"line":40,"column":4},"end":{"line":41,"column":27}},"21":{"start":{"line":41,"column":6},"end":{"line":41,"column":27}},"22":{"start":{"line":42,"column":4},"end":{"line":42,"column":83}},"23":{"start":{"line":42,"column":63},"end":{"line":42,"column":83}},"24":{"start":{"line":43,"column":4},"end":{"line":43,"column":21}},"25":{"start":{"line":47,"column":4},"end":{"line":52,"column":5}},"26":{"start":{"line":48,"column":16},"end":{"line":48,"column":26}},"27":{"start":{"line":49,"column":6},"end":{"line":49,"column":60}},"28":{"start":{"line":51,"column":6},"end":{"line":51,"column":16}},"29":{"start":{"line":56,"column":4},"end":{"line":64,"column":5}},"30":{"start":{"line":57,"column":16},"end":{"line":57,"column":26}},"31":{"start":{"line":58,"column":6},"end":{"line":58,"column":49}},"32":{"start":{"line":59,"column":23},"end":{"line":59,"column":74}},"33":{"start":{"line":60,"column":19},"end":{"line":60,"column":63}},"34":{"start":{"line":61,"column":6},"end":{"line":61,"column":69}},"35":{"start":{"line":63,"column":6},"end":{"line":63,"column":16}},"36":{"start":{"line":68,"column":14},"end":{"line":68,"column":26}},"37":{"start":{"line":69,"column":22},"end":{"line":69,"column":66}},"38":{"start":{"line":70,"column":14},"end":{"line":70,"column":32}},"39":{"start":{"line":71,"column":4},"end":{"line":71,"column":52}},"40":{"start":{"line":71,"column":21},"end":{"line":71,"column":52}},"41":{"start":{"line":72,"column":4},"end":{"line":72,"column":16}},"42":{"start":{"line":73,"column":17},"end":{"line":73,"column":43}},"43":{"start":{"line":74,"column":4},"end":{"line":74,"column":28}},"44":{"start":{"line":12,"column":13},"end":{"line":12,"column":31}},"45":{"start":{"line":12,"column":13},"end":{"line":76,"column":null}}},"fnMap":{"0":{"name":"(anonymous_1)","decl":{"start":{"line":12,"column":7},"end":{"line":12,"column":13}},"loc":{"start":{"line":12,"column":7},"end":{"line":76,"column":1}}},"1":{"name":"(anonymous_2)","decl":{"start":{"line":15,"column":2},"end":{"line":15,"column":7}},"loc":{"start":{"line":15,"column":29},"end":{"line":32,"column":3}}},"2":{"name":"(anonymous_3)","decl":{"start":{"line":37,"column":2},"end":{"line":37,"column":11}},"loc":{"start":{"line":37,"column":24},"end":{"line":44,"column":3}}},"3":{"name":"(anonymous_4)","decl":{"start":{"line":46,"column":2},"end":{"line":46,"column":14}},"loc":{"start":{"line":46,"column":27},"end":{"line":53,"column":3}}},"4":{"name":"(anonymous_5)","decl":{"start":{"line":55,"column":2},"end":{"line":55,"column":19}},"loc":{"start":{"line":55,"column":32},"end":{"line":65,"column":3}}},"5":{"name":"(anonymous_6)","decl":{"start":{"line":67,"column":2},"end":{"line":67,"column":18}},"loc":{"start":{"line":67,"column":32},"end":{"line":75,"column":3}}}},"branchMap":{"0":{"loc":{"start":{"line":21,"column":4},"end":{"line":24,"column":5}},"type":"if","locations":[{"start":{"line":21,"column":4},"end":{"line":24,"column":5}}]},"1":{"loc":{"start":{"line":39,"column":4},"end":{"line":39,"column":81}},"type":"if","locations":[{"start":{"line":39,"column":4},"end":{"line":39,"column":81}}]},"2":{"loc":{"start":{"line":39,"column":8},"end":{"line":39,"column":62}},"type":"binary-expr","locations":[{"start":{"line":39,"column":8},"end":{"line":39,"column":29}},{"start":{"line":39,"column":33},"end":{"line":39,"column":62}}]},"3":{"loc":{"start":{"line":40,"column":4},"end":{"line":41,"column":27}},"type":"if","locations":[{"start":{"line":40,"column":4},"end":{"line":41,"column":27}}]},"4":{"loc":{"start":{"line":40,"column":8},"end":{"line":40,"column":81}},"type":"binary-expr","locations":[{"start":{"line":40,"column":8},"end":{"line":40,"column":33}},{"start":{"line":40,"column":37},"end":{"line":40,"column":81}}]},"5":{"loc":{"start":{"line":42,"column":4},"end":{"line":42,"column":83}},"type":"if","locations":[{"start":{"line":42,"column":4},"end":{"line":42,"column":83}}]},"6":{"loc":{"start":{"line":42,"column":8},"end":{"line":42,"column":61}},"type":"binary-expr","locations":[{"start":{"line":42,"column":8},"end":{"line":42,"column":32}},{"start":{"line":42,"column":36},"end":{"line":42,"column":61}}]},"7":{"loc":{"start":{"line":59,"column":23},"end":{"line":59,"column":74}},"type":"binary-expr","locations":[{"start":{"line":59,"column":23},"end":{"line":59,"column":68}},{"start":{"line":59,"column":72},"end":{"line":59,"column":74}}]},"8":{"loc":{"start":{"line":69,"column":22},"end":{"line":69,"column":66}},"type":"cond-expr","locations":[{"start":{"line":69,"column":48},"end":{"line":69,"column":49}},{"start":{"line":69,"column":52},"end":{"line":69,"column":66}}]},"9":{"loc":{"start":{"line":71,"column":4},"end":{"line":71,"column":52}},"type":"if","locations":[{"start":{"line":71,"column":4},"end":{"line":71,"column":52}}]},"10":{"loc":{"start":{"line":74,"column":11},"end":{"line":74,"column":27}},"type":"binary-expr","locations":[{"start":{"line":74,"column":11},"end":{"line":74,"column":15}},{"start":{"line":74,"column":19},"end":{"line":74,"column":27}}]}},"s":{"0":3,"1":3,"2":3,"3":3,"4":3,"5":3,"6":3,"7":0,"8":0,"9":0,"10":0,"11":0,"12":0,"13":0,"14":0,"15":0,"16":0,"17":0,"18":0,"19":0,"20":0,"21":0,"22":0,"23":0,"24":0,"25":0,"26":0,"27":0,"28":0,"29":0,"30":0,"31":0,"32":0,"33":0,"34":0,"35":0,"36":0,"37":0,"38":0,"39":0,"40":0,"41":0,"42":0,"43":0,"44":3,"45":3},"f":{"0":0,"1":0,"2":0,"3":0,"4":0,"5":0},"b":{"0":[0],"1":[0],"2":[0,0],"3":[0],"4":[0,0],"5":[0],"6":[0,0],"7":[0,0],"8":[0,0],"9":[0],"10":[0,0]}}
,"C:\\Users\\eynar\\Travail\\Stage\\FICHEPRODUIT\\backend\\src\\core\\supabase\\supabase.service.ts": {"path":"C:\\Users\\eynar\\Travail\\Stage\\FICHEPRODUIT\\backend\\src\\core\\supabase\\supabase.service.ts","statementMap":{"0":{"start":{"line":1,"column":0},"end":{"line":1,"column":44}},"1":{"start":{"line":2,"column":0},"end":{"line":2,"column":47}},"2":{"start":{"line":3,"column":0},"end":{"line":3,"column":69}},"3":{"start":{"line":7,"column":7},"end":{"line":54,"column":null}},"4":{"start":{"line":16,"column":31},"end":{"line":16,"column":39}},"5":{"start":{"line":17,"column":4},"end":{"line":17,"column":61}},"6":{"start":{"line":18,"column":4},"end":{"line":18,"column":69}},"7":{"start":{"line":19,"column":23},"end":{"line":19,"column":79}},"8":{"start":{"line":21,"column":4},"end":{"line":21,"column":69}},"9":{"start":{"line":22,"column":4},"end":{"line":24,"column":7}},"10":{"start":{"line":29,"column":4},"end":{"line":32,"column":7}},"11":{"start":{"line":37,"column":4},"end":{"line":37,"column":27}},"12":{"start":{"line":42,"column":4},"end":{"line":42,"column":28}},"13":{"start":{"line":50,"column":8},"end":{"line":50,"column":55}},"14":{"start":{"line":51,"column":4},"end":{"line":51,"column":36}},"15":{"start":{"line":51,"column":24},"end":{"line":51,"column":36}},"16":{"start":{"line":52,"column":4},"end":{"line":52,"column":16}},"17":{"start":{"line":7,"column":13},"end":{"line":7,"column":28}},"18":{"start":{"line":7,"column":13},"end":{"line":54,"column":null}}},"fnMap":{"0":{"name":"(anonymous_2)","decl":{"start":{"line":16,"column":2},"end":{"line":16,"column":31}},"loc":{"start":{"line":16,"column":52},"end":{"line":25,"column":3}}},"1":{"name":"(anonymous_3)","decl":{"start":{"line":28,"column":2},"end":{"line":28,"column":9}},"loc":{"start":{"line":28,"column":29},"end":{"line":33,"column":3}}},"2":{"name":"(anonymous_4)","decl":{"start":{"line":36,"column":2},"end":{"line":36,"column":6}},"loc":{"start":{"line":36,"column":10},"end":{"line":38,"column":3}}},"3":{"name":"(anonymous_5)","decl":{"start":{"line":41,"column":2},"end":{"line":41,"column":6}},"loc":{"start":{"line":41,"column":11},"end":{"line":43,"column":3}}},"4":{"name":"(anonymous_6)","decl":{"start":{"line":46,"column":2},"end":{"line":46,"column":7}},"loc":{"start":{"line":46,"column":35},"end":{"line":53,"column":3}}}},"branchMap":{"0":{"loc":{"start":{"line":51,"column":4},"end":{"line":51,"column":36}},"type":"if","locations":[{"start":{"line":51,"column":4},"end":{"line":51,"column":36}}]},"1":{"loc":{"start":{"line":51,"column":8},"end":{"line":51,"column":22}},"type":"binary-expr","locations":[{"start":{"line":51,"column":8},"end":{"line":51,"column":13}},{"start":{"line":51,"column":17},"end":{"line":51,"column":22}}]}},"s":{"0":8,"1":8,"2":8,"3":8,"4":0,"5":0,"6":0,"7":0,"8":0,"9":0,"10":0,"11":0,"12":0,"13":0,"14":0,"15":0,"16":0,"17":8,"18":8},"f":{"0":0,"1":0,"2":0,"3":0,"4":0},"b":{"0":[0],"1":[0,0]}}
,"C:\\Users\\eynar\\Travail\\Stage\\FICHEPRODUIT\\backend\\src\\domain\\analysis\\analysis-pipeline.service.ts": {"path":"C:\\Users\\eynar\\Travail\\Stage\\FICHEPRODUIT\\backend\\src\\domain\\analysis\\analysis-pipeline.service.ts","statementMap":{"0":{"start":{"line":1,"column":0},"end":{"line":1,"column":60}},"1":{"start":{"line":2,"column":0},"end":{"line":2,"column":79}},"2":{"start":{"line":3,"column":0},"end":{"line":3,"column":77}},"3":{"start":{"line":4,"column":0},"end":{"line":4,"column":83}},"4":{"start":{"line":5,"column":0},"end":{"line":5,"column":51}},"5":{"start":{"line":6,"column":0},"end":{"line":6,"column":96}},"6":{"start":{"line":10,"column":36},"end":{"line":109,"column":null}},"7":{"start":{"line":15,"column":21},"end":{"line":15,"column":54}},"8":{"start":{"line":16,"column":21},"end":{"line":16,"column":30}},"9":{"start":{"line":17,"column":21},"end":{"line":17,"column":33}},"10":{"start":{"line":18,"column":21},"end":{"line":18,"column":34}},"11":{"start":{"line":11,"column":19},"end":{"line":11,"column":69}},"12":{"start":{"line":26,"column":17},"end":{"line":28,"column":6}},"13":{"start":{"line":27,"column":6},"end":{"line":27,"column":68}},"14":{"start":{"line":29,"column":4},"end":{"line":29,"column":33}},"15":{"start":{"line":33,"column":4},"end":{"line":107,"column":5}},"16":{"start":{"line":34,"column":6},"end":{"line":39,"column":8}},"17":{"start":{"line":42,"column":27},"end":{"line":42,"column":69}},"18":{"start":{"line":43,"column":6},"end":{"line":55,"column":7}},"19":{"start":{"line":44,"column":8},"end":{"line":53,"column":10}},"20":{"start":{"line":54,"column":8},"end":{"line":54,"column":15}},"21":{"start":{"line":58,"column":29},"end":{"line":64,"column":8}},"22":{"start":{"line":67,"column":19},"end":{"line":77,"column":null}},"23":{"start":{"line":79,"column":21},"end":{"line":79,"column":28}},"24":{"start":{"line":82,"column":24},"end":{"line":82,"column":72}},"25":{"start":{"line":83,"column":6},"end":{"line":92,"column":8}},"26":{"start":{"line":94,"column":6},"end":{"line":94,"column":67}},"27":{"start":{"line":95,"column":6},"end":{"line":106,"column":32}},"28":{"start":{"line":106,"column":21},"end":{"line":106,"column":30}},"29":{"start":{"line":10,"column":13},"end":{"line":10,"column":36}},"30":{"start":{"line":10,"column":13},"end":{"line":109,"column":null}}},"fnMap":{"0":{"name":"(anonymous_4)","decl":{"start":{"line":13,"column":2},"end":{"line":13,"column":null}},"loc":{"start":{"line":18,"column":45},"end":{"line":19,"column":6}}},"1":{"name":"(anonymous_5)","decl":{"start":{"line":25,"column":2},"end":{"line":25,"column":17}},"loc":{"start":{"line":25,"column":57},"end":{"line":30,"column":3}}},"2":{"name":"(anonymous_6)","decl":{"start":{"line":26,"column":55},"end":{"line":26,"column":56}},"loc":{"start":{"line":26,"column":63},"end":{"line":28,"column":5}}},"3":{"name":"(anonymous_7)","decl":{"start":{"line":32,"column":10},"end":{"line":32,"column":15}},"loc":{"start":{"line":32,"column":59},"end":{"line":108,"column":3}}},"4":{"name":"(anonymous_8)","decl":{"start":{"line":106,"column":15},"end":{"line":106,"column":18}},"loc":{"start":{"line":106,"column":21},"end":{"line":106,"column":30}}}},"branchMap":{"0":{"loc":{"start":{"line":43,"column":6},"end":{"line":55,"column":7}},"type":"if","locations":[{"start":{"line":43,"column":6},"end":{"line":55,"column":7}}]},"1":{"loc":{"start":{"line":82,"column":24},"end":{"line":82,"column":72}},"type":"cond-expr","locations":[{"start":{"line":82,"column":49},"end":{"line":82,"column":65}},{"start":{"line":82,"column":68},"end":{"line":82,"column":72}}]},"2":{"loc":{"start":{"line":101,"column":26},"end":{"line":101,"column":79}},"type":"cond-expr","locations":[{"start":{"line":101,"column":49},"end":{"line":101,"column":60}},{"start":{"line":101,"column":63},"end":{"line":101,"column":79}}]}},"s":{"0":3,"1":3,"2":3,"3":3,"4":3,"5":3,"6":3,"7":1,"8":1,"9":1,"10":1,"11":1,"12":0,"13":0,"14":0,"15":1,"16":1,"17":1,"18":1,"19":0,"20":0,"21":1,"22":1,"23":1,"24":1,"25":1,"26":0,"27":0,"28":0,"29":3,"30":3},"f":{"0":1,"1":0,"2":0,"3":1,"4":0},"b":{"0":[0],"1":[0,1],"2":[0,0]}}
,"C:\\Users\\eynar\\Travail\\Stage\\FICHEPRODUIT\\backend\\src\\domain\\analysis\\analysis.repository.ts": {"path":"C:\\Users\\eynar\\Travail\\Stage\\FICHEPRODUIT\\backend\\src\\domain\\analysis\\analysis.repository.ts","statementMap":{"0":{"start":{"line":1,"column":0},"end":{"line":1,"column":null}},"1":{"start":{"line":9,"column":0},"end":{"line":9,"column":71}},"2":{"start":{"line":26,"column":31},"end":{"line":187,"column":null}},"3":{"start":{"line":29,"column":31},"end":{"line":29,"column":41}},"4":{"start":{"line":27,"column":19},"end":{"line":27,"column":64}},"5":{"start":{"line":32,"column":28},"end":{"line":37,"column":20}},"6":{"start":{"line":39,"column":4},"end":{"line":42,"column":5}},"7":{"start":{"line":40,"column":6},"end":{"line":40,"column":57}},"8":{"start":{"line":41,"column":6},"end":{"line":41,"column":86}},"9":{"start":{"line":43,"column":4},"end":{"line":43,"column":60}},"10":{"start":{"line":48,"column":28},"end":{"line":53,"column":20}},"11":{"start":{"line":55,"column":4},"end":{"line":58,"column":5}},"12":{"start":{"line":56,"column":6},"end":{"line":56,"column":65}},"13":{"start":{"line":57,"column":6},"end":{"line":57,"column":86}},"14":{"start":{"line":59,"column":4},"end":{"line":59,"column":60}},"15":{"start":{"line":63,"column":28},"end":{"line":68,"column":48}},"16":{"start":{"line":70,"column":4},"end":{"line":73,"column":5}},"17":{"start":{"line":71,"column":6},"end":{"line":71,"column":66}},"18":{"start":{"line":72,"column":6},"end":{"line":72,"column":86}},"19":{"start":{"line":74,"column":4},"end":{"line":74,"column":68}},"20":{"start":{"line":74,"column":35},"end":{"line":74,"column":66}},"21":{"start":{"line":78,"column":19},"end":{"line":78,"column":89}},"22":{"start":{"line":80,"column":33},"end":{"line":89,"column":15}},"23":{"start":{"line":91,"column":4},"end":{"line":102,"column":5}},"24":{"start":{"line":92,"column":6},"end":{"line":100,"column":8}},"25":{"start":{"line":101,"column":6},"end":{"line":101,"column":39}},"26":{"start":{"line":103,"column":4},"end":{"line":103,"column":45}},"27":{"start":{"line":112,"column":19},"end":{"line":112,"column":89}},"28":{"start":{"line":114,"column":16},"end":{"line":122,"column":19}},"29":{"start":{"line":124,"column":4},"end":{"line":126,"column":5}},"30":{"start":{"line":125,"column":6},"end":{"line":125,"column":53}},"31":{"start":{"line":128,"column":22},"end":{"line":128,"column":33}},"32":{"start":{"line":130,"column":4},"end":{"line":133,"column":5}},"33":{"start":{"line":131,"column":6},"end":{"line":131,"column":61}},"34":{"start":{"line":132,"column":6},"end":{"line":132,"column":85}},"35":{"start":{"line":138,"column":22},"end":{"line":141,"column":34}},"36":{"start":{"line":143,"column":4},"end":{"line":146,"column":5}},"37":{"start":{"line":144,"column":6},"end":{"line":144,"column":70}},"38":{"start":{"line":145,"column":6},"end":{"line":145,"column":87}},"39":{"start":{"line":152,"column":4},"end":{"line":162,"column":6}},"40":{"start":{"line":171,"column":4},"end":{"line":175,"column":5}},"41":{"start":{"line":172,"column":6},"end":{"line":174,"column":8}},"42":{"start":{"line":177,"column":4},"end":{"line":179,"column":5}},"43":{"start":{"line":178,"column":6},"end":{"line":178,"column":72}},"44":{"start":{"line":181,"column":4},"end":{"line":183,"column":5}},"45":{"start":{"line":182,"column":6},"end":{"line":182,"column":77}},"46":{"start":{"line":185,"column":4},"end":{"line":185,"column":80}},"47":{"start":{"line":26,"column":13},"end":{"line":26,"column":31}},"48":{"start":{"line":26,"column":13},"end":{"line":187,"column":null}}},"fnMap":{"0":{"name":"(anonymous_2)","decl":{"start":{"line":29,"column":2},"end":{"line":29,"column":31}},"loc":{"start":{"line":29,"column":56},"end":{"line":29,"column":60}}},"1":{"name":"(anonymous_3)","decl":{"start":{"line":31,"column":2},"end":{"line":31,"column":7}},"loc":{"start":{"line":31,"column":48},"end":{"line":44,"column":3}}},"2":{"name":"(anonymous_4)","decl":{"start":{"line":46,"column":2},"end":{"line":46,"column":7}},"loc":{"start":{"line":46,"column":54},"end":{"line":60,"column":3}}},"3":{"name":"(anonymous_5)","decl":{"start":{"line":62,"column":2},"end":{"line":62,"column":7}},"loc":{"start":{"line":62,"column":57},"end":{"line":75,"column":3}}},"4":{"name":"(anonymous_6)","decl":{"start":{"line":74,"column":28},"end":{"line":74,"column":29}},"loc":{"start":{"line":74,"column":35},"end":{"line":74,"column":66}}},"5":{"name":"(anonymous_7)","decl":{"start":{"line":77,"column":2},"end":{"line":77,"column":7}},"loc":{"start":{"line":77,"column":56},"end":{"line":104,"column":3}}},"6":{"name":"(anonymous_8)","decl":{"start":{"line":106,"column":2},"end":{"line":106,"column":7}},"loc":{"start":{"line":110,"column":34},"end":{"line":134,"column":3}}},"7":{"name":"(anonymous_9)","decl":{"start":{"line":137,"column":2},"end":{"line":137,"column":7}},"loc":{"start":{"line":137,"column":56},"end":{"line":147,"column":3}}},"8":{"name":"(anonymous_10)","decl":{"start":{"line":151,"column":10},"end":{"line":151,"column":18}},"loc":{"start":{"line":151,"column":35},"end":{"line":163,"column":3}}},"9":{"name":"(anonymous_11)","decl":{"start":{"line":165,"column":10},"end":{"line":165,"column":30}},"loc":{"start":{"line":170,"column":3},"end":{"line":186,"column":3}}}},"branchMap":{"0":{"loc":{"start":{"line":39,"column":4},"end":{"line":42,"column":5}},"type":"if","locations":[{"start":{"line":39,"column":4},"end":{"line":42,"column":5}}]},"1":{"loc":{"start":{"line":43,"column":11},"end":{"line":43,"column":59}},"type":"cond-expr","locations":[{"start":{"line":43,"column":18},"end":{"line":43,"column":52}},{"start":{"line":43,"column":55},"end":{"line":43,"column":59}}]},"2":{"loc":{"start":{"line":55,"column":4},"end":{"line":58,"column":5}},"type":"if","locations":[{"start":{"line":55,"column":4},"end":{"line":58,"column":5}}]},"3":{"loc":{"start":{"line":59,"column":11},"end":{"line":59,"column":59}},"type":"cond-expr","locations":[{"start":{"line":59,"column":18},"end":{"line":59,"column":52}},{"start":{"line":59,"column":55},"end":{"line":59,"column":59}}]},"4":{"loc":{"start":{"line":70,"column":4},"end":{"line":73,"column":5}},"type":"if","locations":[{"start":{"line":70,"column":4},"end":{"line":73,"column":5}}]},"5":{"loc":{"start":{"line":74,"column":12},"end":{"line":74,"column":22}},"type":"binary-expr","locations":[{"start":{"line":74,"column":12},"end":{"line":74,"column":16}},{"start":{"line":74,"column":20},"end":{"line":74,"column":22}}]},"6":{"loc":{"start":{"line":78,"column":19},"end":{"line":78,"column":89}},"type":"cond-expr","locations":[{"start":{"line":78,"column":33},"end":{"line":78,"column":67}},{"start":{"line":78,"column":70},"end":{"line":78,"column":89}}]},"7":{"loc":{"start":{"line":91,"column":4},"end":{"line":102,"column":5}},"type":"if","locations":[{"start":{"line":91,"column":4},"end":{"line":102,"column":5}}]},"8":{"loc":{"start":{"line":93,"column":26},"end":{"line":93,"column":65}},"type":"cond-expr","locations":[{"start":{"line":93,"column":40},"end":{"line":93,"column":55}},{"start":{"line":93,"column":58},"end":{"line":93,"column":65}}]},"9":{"loc":{"start":{"line":112,"column":19},"end":{"line":112,"column":89}},"type":"cond-expr","locations":[{"start":{"line":112,"column":33},"end":{"line":112,"column":67}},{"start":{"line":112,"column":70},"end":{"line":112,"column":89}}]},"10":{"loc":{"start":{"line":118,"column":20},"end":{"line":118,"column":43}},"type":"binary-expr","locations":[{"start":{"line":118,"column":20},"end":{"line":118,"column":35}},{"start":{"line":118,"column":39},"end":{"line":118,"column":43}}]},"11":{"loc":{"start":{"line":119,"column":23},"end":{"line":119,"column":49}},"type":"binary-expr","locations":[{"start":{"line":119,"column":23},"end":{"line":119,"column":41}},{"start":{"line":119,"column":45},"end":{"line":119,"column":49}}]},"12":{"loc":{"start":{"line":120,"column":17},"end":{"line":120,"column":37}},"type":"binary-expr","locations":[{"start":{"line":120,"column":17},"end":{"line":120,"column":29}},{"start":{"line":120,"column":33},"end":{"line":120,"column":37}}]},"13":{"loc":{"start":{"line":124,"column":4},"end":{"line":126,"column":5}},"type":"if","locations":[{"start":{"line":124,"column":4},"end":{"line":126,"column":5}}]},"14":{"loc":{"start":{"line":124,"column":8},"end":{"line":124,"column":38}},"type":"binary-expr","locations":[{"start":{"line":124,"column":8},"end":{"line":124,"column":20}},{"start":{"line":124,"column":24},"end":{"line":124,"column":38}}]},"15":{"loc":{"start":{"line":130,"column":4},"end":{"line":133,"column":5}},"type":"if","locations":[{"start":{"line":130,"column":4},"end":{"line":133,"column":5}}]},"16":{"loc":{"start":{"line":143,"column":4},"end":{"line":146,"column":5}},"type":"if","locations":[{"start":{"line":143,"column":4},"end":{"line":146,"column":5}}]},"17":{"loc":{"start":{"line":156,"column":18},"end":{"line":156,"column":66}},"type":"binary-expr","locations":[{"start":{"line":156,"column":18},"end":{"line":156,"column":58}},{"start":{"line":156,"column":62},"end":{"line":156,"column":66}}]},"18":{"loc":{"start":{"line":171,"column":4},"end":{"line":175,"column":5}},"type":"if","locations":[{"start":{"line":171,"column":4},"end":{"line":175,"column":5}}]},"19":{"loc":{"start":{"line":177,"column":4},"end":{"line":179,"column":5}},"type":"if","locations":[{"start":{"line":177,"column":4},"end":{"line":179,"column":5}}]},"20":{"loc":{"start":{"line":181,"column":4},"end":{"line":183,"column":5}},"type":"if","locations":[{"start":{"line":181,"column":4},"end":{"line":183,"column":5}}]},"21":{"loc":{"start":{"line":181,"column":8},"end":{"line":181,"column":82}},"type":"binary-expr","locations":[{"start":{"line":181,"column":8},"end":{"line":181,"column":30}},{"start":{"line":181,"column":34},"end":{"line":181,"column":56}},{"start":{"line":181,"column":60},"end":{"line":181,"column":82}}]}},"s":{"0":1,"1":1,"2":1,"3":1,"4":1,"5":0,"6":0,"7":0,"8":0,"9":0,"10":0,"11":0,"12":0,"13":0,"14":0,"15":0,"16":0,"17":0,"18":0,"19":0,"20":0,"21":0,"22":0,"23":0,"24":0,"25":0,"26":0,"27":0,"28":0,"29":0,"30":0,"31":0,"32":0,"33":0,"34":0,"35":1,"36":1,"37":1,"38":1,"39":0,"40":0,"41":0,"42":0,"43":0,"44":0,"45":0,"46":0,"47":1,"48":1},"f":{"0":1,"1":0,"2":0,"3":0,"4":0,"5":0,"6":0,"7":1,"8":0,"9":0},"b":{"0":[0],"1":[0,0],"2":[0],"3":[0,0],"4":[0],"5":[0,0],"6":[0,0],"7":[0],"8":[0,0],"9":[0,0],"10":[0,0],"11":[0,0],"12":[0,0],"13":[0],"14":[0,0],"15":[0],"16":[1],"17":[0,0],"18":[0],"19":[0],"20":[0],"21":[0,0,0]}}
,"C:\\Users\\eynar\\Travail\\Stage\\FICHEPRODUIT\\backend\\src\\domain\\analysis\\analysis.service.ts": {"path":"C:\\Users\\eynar\\Travail\\Stage\\FICHEPRODUIT\\backend\\src\\domain\\analysis\\analysis.service.ts","statementMap":{"0":{"start":{"line":1,"column":0},"end":{"line":1,"column":71}},"1":{"start":{"line":2,"column":0},"end":{"line":2,"column":96}},"2":{"start":{"line":3,"column":0},"end":{"line":3,"column":70}},"3":{"start":{"line":8,"column":7},"end":{"line":60,"column":null}},"4":{"start":{"line":11,"column":21},"end":{"line":11,"column":54}},"5":{"start":{"line":12,"column":21},"end":{"line":12,"column":31}},"6":{"start":{"line":18,"column":21},"end":{"line":20,"column":null}},"7":{"start":{"line":22,"column":4},"end":{"line":22,"column":62}},"8":{"start":{"line":23,"column":4},"end":{"line":23,"column":20}},"9":{"start":{"line":27,"column":4},"end":{"line":27,"column":70}},"10":{"start":{"line":31,"column":21},"end":{"line":31,"column":75}},"11":{"start":{"line":32,"column":4},"end":{"line":34,"column":5}},"12":{"start":{"line":33,"column":6},"end":{"line":33,"column":57}},"13":{"start":{"line":35,"column":4},"end":{"line":35,"column":20}},"14":{"start":{"line":41,"column":21},"end":{"line":43,"column":null}},"15":{"start":{"line":45,"column":4},"end":{"line":45,"column":48}},"16":{"start":{"line":46,"column":4},"end":{"line":46,"column":20}},"17":{"start":{"line":50,"column":21},"end":{"line":50,"column":76}},"18":{"start":{"line":51,"column":4},"end":{"line":51,"column":70}},"19":{"start":{"line":51,"column":19},"end":{"line":51,"column":70}},"20":{"start":{"line":52,"column":4},"end":{"line":52,"column":20}},"21":{"start":{"line":58,"column":4},"end":{"line":58,"column":63}},"22":{"start":{"line":8,"column":13},"end":{"line":8,"column":28}},"23":{"start":{"line":8,"column":13},"end":{"line":60,"column":null}}},"fnMap":{"0":{"name":"(anonymous_4)","decl":{"start":{"line":9,"column":2},"end":{"line":9,"column":null}},"loc":{"start":{"line":12,"column":54},"end":{"line":13,"column":6}}},"1":{"name":"(anonymous_5)","decl":{"start":{"line":17,"column":2},"end":{"line":17,"column":7}},"loc":{"start":{"line":17,"column":51},"end":{"line":24,"column":3}}},"2":{"name":"(anonymous_6)","decl":{"start":{"line":26,"column":2},"end":{"line":26,"column":7}},"loc":{"start":{"line":26,"column":43},"end":{"line":28,"column":3}}},"3":{"name":"(anonymous_7)","decl":{"start":{"line":30,"column":2},"end":{"line":30,"column":7}},"loc":{"start":{"line":30,"column":54},"end":{"line":36,"column":3}}},"4":{"name":"(anonymous_8)","decl":{"start":{"line":40,"column":2},"end":{"line":40,"column":7}},"loc":{"start":{"line":40,"column":53},"end":{"line":47,"column":3}}},"5":{"name":"(anonymous_9)","decl":{"start":{"line":49,"column":2},"end":{"line":49,"column":7}},"loc":{"start":{"line":49,"column":49},"end":{"line":53,"column":3}}},"6":{"name":"(anonymous_10)","decl":{"start":{"line":57,"column":2},"end":{"line":57,"column":7}},"loc":{"start":{"line":57,"column":63},"end":{"line":59,"column":3}}}},"branchMap":{"0":{"loc":{"start":{"line":32,"column":4},"end":{"line":34,"column":5}},"type":"if","locations":[{"start":{"line":32,"column":4},"end":{"line":34,"column":5}}]},"1":{"loc":{"start":{"line":32,"column":8},"end":{"line":32,"column":48}},"type":"binary-expr","locations":[{"start":{"line":32,"column":8},"end":{"line":32,"column":17}},{"start":{"line":32,"column":21},"end":{"line":32,"column":48}}]},"2":{"loc":{"start":{"line":51,"column":4},"end":{"line":51,"column":70}},"type":"if","locations":[{"start":{"line":51,"column":4},"end":{"line":51,"column":70}}]}},"s":{"0":2,"1":2,"2":2,"3":2,"4":3,"5":3,"6":1,"7":1,"8":1,"9":0,"10":1,"11":1,"12":1,"13":0,"14":1,"15":1,"16":1,"17":0,"18":0,"19":0,"20":0,"21":0,"22":2,"23":2},"f":{"0":3,"1":1,"2":0,"3":1,"4":1,"5":0,"6":0},"b":{"0":[1],"1":[1,1],"2":[0]}}
,"C:\\Users\\eynar\\Travail\\Stage\\FICHEPRODUIT\\backend\\src\\domain\\catalog\\catalog.repository.ts": {"path":"C:\\Users\\eynar\\Travail\\Stage\\FICHEPRODUIT\\backend\\src\\domain\\catalog\\catalog.repository.ts","statementMap":{"0":{"start":{"line":1,"column":0},"end":{"line":1,"column":82}},"1":{"start":{"line":2,"column":0},"end":{"line":2,"column":71}},"2":{"start":{"line":18,"column":31},"end":{"line":18,"column":41}},"3":{"start":{"line":14,"column":19},"end":{"line":14,"column":63}},"4":{"start":{"line":21,"column":28},"end":{"line":25,"column":20}},"5":{"start":{"line":27,"column":4},"end":{"line":30,"column":5}},"6":{"start":{"line":28,"column":6},"end":{"line":28,"column":57}},"7":{"start":{"line":29,"column":6},"end":{"line":29,"column":94}},"8":{"start":{"line":32,"column":4},"end":{"line":32,"column":66}},"9":{"start":{"line":36,"column":4},"end":{"line":36,"column":36}},"10":{"start":{"line":36,"column":26},"end":{"line":36,"column":36}},"11":{"start":{"line":38,"column":22},"end":{"line":38,"column":39}},"12":{"start":{"line":39,"column":28},"end":{"line":42,"column":26}},"13":{"start":{"line":44,"column":4},"end":{"line":47,"column":5}},"14":{"start":{"line":45,"column":6},"end":{"line":45,"column":76}},"15":{"start":{"line":46,"column":6},"end":{"line":46,"column":96}},"16":{"start":{"line":49,"column":18},"end":{"line":49,"column":28}},"17":{"start":{"line":50,"column":17},"end":{"line":50,"column":82}},"18":{"start":{"line":50,"column":43},"end":{"line":50,"column":80}},"19":{"start":{"line":52,"column":4},"end":{"line":52,"column":93}},"20":{"start":{"line":52,"column":27},"end":{"line":52,"column":39}},"21":{"start":{"line":52,"column":76},"end":{"line":52,"column":91}},"22":{"start":{"line":56,"column":18},"end":{"line":56,"column":52}},"23":{"start":{"line":57,"column":19},"end":{"line":57,"column":59}},"24":{"start":{"line":59,"column":4},"end":{"line":75,"column":5}},"25":{"start":{"line":60,"column":6},"end":{"line":73,"column":8}},"26":{"start":{"line":74,"column":6},"end":{"line":74,"column":68}},"27":{"start":{"line":77,"column":16},"end":{"line":77,"column":71}},"28":{"start":{"line":78,"column":4},"end":{"line":78,"column":56}},"29":{"start":{"line":79,"column":28},"end":{"line":79,"column":52}},"30":{"start":{"line":80,"column":4},"end":{"line":83,"column":5}},"31":{"start":{"line":81,"column":6},"end":{"line":81,"column":58}},"32":{"start":{"line":82,"column":6},"end":{"line":82,"column":89}},"33":{"start":{"line":85,"column":4},"end":{"line":85,"column":82}},"34":{"start":{"line":85,"column":62},"end":{"line":85,"column":80}},"35":{"start":{"line":94,"column":19},"end":{"line":94,"column":54}},"36":{"start":{"line":95,"column":4},"end":{"line":95,"column":51}},"37":{"start":{"line":95,"column":16},"end":{"line":95,"column":51}},"38":{"start":{"line":97,"column":23},"end":{"line":97,"column":67}},"39":{"start":{"line":98,"column":4},"end":{"line":98,"column":72}},"40":{"start":{"line":98,"column":31},"end":{"line":98,"column":72}},"41":{"start":{"line":100,"column":26},"end":{"line":100,"column":73}},"42":{"start":{"line":101,"column":4},"end":{"line":101,"column":82}},"43":{"start":{"line":101,"column":34},"end":{"line":101,"column":82}},"44":{"start":{"line":103,"column":4},"end":{"line":103,"column":97}},"45":{"start":{"line":103,"column":43},"end":{"line":103,"column":97}},"46":{"start":{"line":104,"column":4},"end":{"line":104,"column":97}},"47":{"start":{"line":104,"column":43},"end":{"line":104,"column":97}},"48":{"start":{"line":105,"column":4},"end":{"line":105,"column":100}},"49":{"start":{"line":105,"column":44},"end":{"line":105,"column":100}},"50":{"start":{"line":106,"column":4},"end":{"line":106,"column":100}},"51":{"start":{"line":106,"column":44},"end":{"line":106,"column":100}},"52":{"start":{"line":108,"column":23},"end":{"line":108,"column":68}},"53":{"start":{"line":109,"column":4},"end":{"line":111,"column":5}},"54":{"start":{"line":110,"column":6},"end":{"line":110,"column":61}},"55":{"start":{"line":113,"column":4},"end":{"line":113,"column":17}},"56":{"start":{"line":125,"column":60},"end":{"line":127,"column":50}},"57":{"start":{"line":129,"column":4},"end":{"line":131,"
[...]
ynar\\Travail\\Stage\\FICHEPRODUIT\\backend\\src\\feature\\suggest-urls\\suggest-urls.service.ts","statementMap":{"0":{"start":{"line":1,"column":0},"end":{"line":1,"column":44}},"1":{"start":{"line":2,"column":0},"end":{"line":2,"column":47}},"2":{"start":{"line":6,"column":48},"end":{"line":33,"column":2}},"3":{"start":{"line":35,"column":26},"end":{"line":35,"column":27}},"4":{"start":{"line":36,"column":27},"end":{"line":36,"column":29}},"5":{"start":{"line":39,"column":7},"end":{"line":238,"column":null}},"6":{"start":{"line":40,"column":31},"end":{"line":40,"column":46}},"7":{"start":{"line":47,"column":14},"end":{"line":47,"column":44}},"8":{"start":{"line":48,"column":19},"end":{"line":48,"column":36}},"9":{"start":{"line":49,"column":4},"end":{"line":51,"column":5}},"10":{"start":{"line":50,"column":6},"end":{"line":50,"column":39}},"11":{"start":{"line":50,"column":25},"end":{"line":50,"column":39}},"12":{"start":{"line":52,"column":20},"end":{"line":52,"column":47}},"13":{"start":{"line":53,"column":4},"end":{"line":53,"column":49}},"14":{"start":{"line":53,"column":29},"end":{"line":53,"column":49}},"15":{"start":{"line":54,"column":4},"end":{"line":54,"column":23}},"16":{"start":{"line":59,"column":19},"end":{"line":59,"column":53}},"17":{"start":{"line":60,"column":4},"end":{"line":60,"column":46}},"18":{"start":{"line":60,"column":29},"end":{"line":60,"column":46}},"19":{"start":{"line":62,"column":28},"end":{"line":62,"column":30}},"20":{"start":{"line":63,"column":27},"end":{"line":63,"column":29}},"21":{"start":{"line":64,"column":4},"end":{"line":75,"column":5}},"22":{"start":{"line":66,"column":6},"end":{"line":71,"column":7}},"23":{"start":{"line":67,"column":8},"end":{"line":67,"column":49}},"24":{"start":{"line":69,"column":8},"end":{"line":69,"column":21}},"25":{"start":{"line":70,"column":8},"end":{"line":70,"column":17}},"26":{"start":{"line":72,"column":23},"end":{"line":72,"column":76}},"27":{"start":{"line":72,"column":42},"end":{"line":72,"column":75}},"28":{"start":{"line":73,"column":6},"end":{"line":74,"column":24}},"29":{"start":{"line":73,"column":20},"end":{"line":73,"column":34}},"30":{"start":{"line":74,"column":11},"end":{"line":74,"column":24}},"31":{"start":{"line":76,"column":4},"end":{"line":76,"column":31}},"32":{"start":{"line":83,"column":14},"end":{"line":83,"column":24}},"33":{"start":{"line":84,"column":4},"end":{"line":84,"column":21}},"34":{"start":{"line":84,"column":12},"end":{"line":84,"column":21}},"35":{"start":{"line":85,"column":4},"end":{"line":85,"column":42}},"36":{"start":{"line":85,"column":33},"end":{"line":85,"column":42}},"37":{"start":{"line":86,"column":4},"end":{"line":86,"column":62}},"38":{"start":{"line":86,"column":53},"end":{"line":86,"column":62}},"39":{"start":{"line":87,"column":4},"end":{"line":87,"column":32}},"40":{"start":{"line":92,"column":14},"end":{"line":92,"column":36}},"41":{"start":{"line":93,"column":4},"end":{"line":95,"column":5}},"42":{"start":{"line":94,"column":6},"end":{"line":94,"column":64}},"43":{"start":{"line":94,"column":52},"end":{"line":94,"column":64}},"44":{"start":{"line":96,"column":4},"end":{"line":96,"column":17}},"45":{"start":{"line":100,"column":14},"end":{"line":100,"column":44}},"46":{"start":{"line":101,"column":17},"end":{"line":104,"column":30}},"47":{"start":{"line":105,"column":4},"end":{"line":105,"column":25}},"48":{"start":{"line":105,"column":15},"end":{"line":105,"column":25}},"49":{"start":{"line":106,"column":26},"end":{"line":106,"column":28}},"50":{"start":{"line":107,"column":16},"end":{"line":109,"column":5}},"51":{"start":{"line":108,"column":6},"end":{"line":108,"column":40}},"52":{"start":{"line":108,"column":28},"end":{"line":108,"column":40}},"53":{"start":{"line":110,"column":4},"end":{"line":110,"column":34}},"54":{"start":{"line":111,"column":4},"end":{"line":111,"column":30}},"55":{"start":{"line":112,"column":4},"end":{"line":112,"column":35}},"56":{"start":{"line":113,"column":4},"end":{"line":113,"column":31}},"57":{"start":{"line":114,"column":4},"end":{"line":114,"column":43}},"58":{"start":{"line":118,"column":4},"end":{"line":118,"column":40}},"59":{"start":{"line":118,"column":30},"end":{"line":118,"column":40}},"60":{"start":{"line":119,"column":17},"end":{"line":119,"column":34}},"61":{"start":{"line":120,"column":26},"end":{"line":120,"column":28}},"62":{"start":{"line":121,"column":4},"end":{"line":127,"column":5}},"63":{"start":{"line":122,"column":16},"end":{"line":122,"column":41}},"64":{"start":{"line":123,"column":19},"end":{"line":123,"column":53}},"65":{"start":{"line":124,"column":6},"end":{"line":124,"column":44}},"66":{"start":{"line":124,"column":35},"end":{"line":124,"column":44}},"67":{"start":{"line":125,"column":6},"end":{"line":125,"column":21}},"68":{"start":{"line":126,"column":6},"end":{"line":126,"column":21}},"69":{"start":{"line":128,"column":4},"end":{"line":128,"column":43}},"70":{"start":{"line":136,"column":14},"end":{"line":136,"column":39}},"71":{"start":{"line":137,"column":4},"end":{"line":137,"column":46}},"72":{"start":{"line":137,"column":34},"end":{"line":137,"column":46}},"73":{"start":{"line":138,"column":4},"end":{"line":142,"column":5}},"74":{"start":{"line":139,"column":6},"end":{"line":139,"column":31}},"75":{"start":{"line":141,"column":6},"end":{"line":141,"column":18}},"76":{"start":{"line":146,"column":4},"end":{"line":146,"column":49}},"77":{"start":{"line":154,"column":16},"end":{"line":154,"column":62}},"78":{"start":{"line":155,"column":4},"end":{"line":155,"column":26}},"79":{"start":{"line":155,"column":14},"end":{"line":155,"column":26}},"80":{"start":{"line":157,"column":24},"end":{"line":157,"column":91}},"81":{"start":{"line":158,"column":20},"end":{"line":158,"column":78}},"82":{"start":{"line":160,"column":21},"end":{"line":160,"column":37}},"83":{"start":{"line":161,"column":4},"end":{"line":161,"column":31}},"84":{"start":{"line":161,"column":19},"end":{"line":161,"column":31}},"85":{"start":{"line":162,"column":18},"end":{"line":162,"column":56}},"86":{"start":{"line":164,"column":42},"end":{"line":169,"column":6}},"87":{"start":{"line":170,"column":4},"end":{"line":170,"column":43}},"88":{"start":{"line":170,"column":17},"end":{"line":170,"column":43}},"89":{"start":{"line":173,"column":4},"end":{"line":184,"column":5}},"90":{"start":{"line":174,"column":6},"end":{"line":181,"column":9}},"91":{"start":{"line":183,"column":6},"end":{"line":183,"column":18}},"92":{"start":{"line":186,"column":4},"end":{"line":186,"column":29}},"93":{"start":{"line":186,"column":17},"end":{"line":186,"column":29}},"94":{"start":{"line":188,"column":26},"end":{"line":188,"column":60}},"95":{"start":{"line":188,"column":56},"end":{"line":188,"column":58}},"96":{"start":{"line":189,"column":21},"end":{"line":189,"column":59}},"97":{"start":{"line":190,"column":4},"end":{"line":190,"column":69}},"98":{"start":{"line":190,"column":57},"end":{"line":190,"column":69}},"99":{"start":{"line":192,"column":33},"end":{"line":192,"column":35}},"100":{"start":{"line":193,"column":17},"end":{"line":193,"column":34}},"101":{"start":{"line":195,"column":4},"end":{"line":214,"column":5}},"102":{"start":{"line":196,"column":6},"end":{"line":196,"column":52}},"103":{"start":{"line":196,"column":43},"end":{"line":196,"column":52}},"104":{"start":{"line":197,"column":20},"end":{"line":197,"column":49}},"105":{"start":{"line":198,"column":6},"end":{"line":198,"column":45}},"106":{"start":{"line":198,"column":36},"end":{"line":198,"column":45}},"107":{"start":{"line":201,"column":6},"end":{"line":205,"column":7}},"108":{"start":{"line":202,"column":8},"end":{"line":202,"column":42}},"109":{"start":{"line":204,"column":8},"end":{"line":204,"column":17}},"110":{"start":{"line":207,"column":6},"end":{"line":207,"column":57}},"111":{"start":{"line":207,"column":48},"end":{"line":207,"column":57}},"112":{"start":{"line":209,"column":25},"end":{"line":209,"column":55}},"113":{"start":{"line":210,"column":6},"end":{"line":210,"column":56}},"114":{"start":{"line":210,"column":47},"end":{"line":210,"column":56}},"115":{"start":{"line":212,"column":6},"end":{"line":212,"column":27}},"116":{"start":{"line":213,"column":6},"end":{"line":213,"column":34}},"117":{"start":{"line":216,"column":4},"end":{"line":216,"column":45}},"118":{"start":{"line":216,"column":33},"end":{"line":216,"column":45}},"119":{"start":{"line":218,"column":22},"end":{"line":220,"column":null}},"120":{"start":{"line":223,"column":4},"end":{"line":223,"column":47}},"121":{"start":{"line":227,"column":32},"end":{"line":227,"column":36}},"122":{"start":{"line":228,"column":4},"end":{"line":232,"column":5}},"123":{"start":{"line":229,"column":6},"end":{"line":229,"column":51}},"124":{"start":{"line":231,"column":6},"end":{"line":231,"column":18}},"125":{"start":{"line":233,"column":4},"end":{"line":235,"column":5}},"126":{"start":{"line":234,"column":6},"end":{"line":234,"column":35}},"127":{"start":{"line":236,"column":4},"end":{"line":236,"column":20}},"128":{"start":{"line":39,"column":13},"end":{"line":39,"column":31}},"129":{"start":{"line":39,"column":13},"end":{"line":238,"column":null}}},"fnMap":{"0":{"name":"(anonymous_2)","decl":{"start":{"line":40,"column":2},"end":{"line":40,"column":31}},"loc":{"start":{"line":40,"column":59},"end":{"line":40,"column":63}}},"1":{"name":"(anonymous_3)","decl":{"start":{"line":46,"column":2},"end":{"line":46,"column":28}},"loc":{"start":{"line":46,"column":38},"end":{"line":55,"column":3}}},"2":{"name":"(anonymous_4)","decl":{"start":{"line":58,"column":2},"end":{"line":58,"column":29}},"loc":{"start":{"line":58,"column":55},"end":{"line":77,"column":3}}},"3":{"name":"(anonymous_5)","decl":{"start":{"line":72,"column":35},"end":{"line":72,"column":36}},"loc":{"start":{"line":72,"column":42},"end":{"line":72,"column":75}}},"4":{"name":"(anonymous_6)","decl":{"start":{"line":82,"column":10},"end":{"line":82,"column":33}},"loc":{"start":{"line":82,"column":45},"end":{"line":88,"column":3}}},"5":{"name":"(anonymous_7)","decl":{"start":{"line":91,"column":2},"end":{"line":91,"column":23}},"loc":{"start":{"line":91,"column":40},"end":{"line":97,"column":3}}},"6":{"name":"(anonymous_8)","decl":{"start":{"line":99,"column":2},"end":{"line":99,"column":15}},"loc":{"start":{"line":99,"column":25},"end":{"line":115,"column":3}}},"7":{"name":"(anonymous_9)","decl":{"start":{"line":107,"column":16},"end":{"line":107,"column":17}},"loc":{"start":{"line":107,"column":30},"end":{"line":109,"column":5}}},"8":{"name":"(anonymous_10)","decl":{"start":{"line":117,"column":2},"end":{"line":117,"column":18}},"loc":{"start":{"line":117,"column":32},"end":{"line":129,"column":3}}},"9":{"name":"(anonymous_11)","decl":{"start":{"line":135,"column":2},"end":{"line":135,"column":28}},"loc":{"start":{"line":135,"column":41},"end":{"line":143,"column":3}}},"10":{"name":"(anonymous_12)","decl":{"start":{"line":145,"column":10},"end":{"line":145,"column":29}},"loc":{"start":{"line":145,"column":42},"end":{"line":147,"column":3}}},"11":{"name":"(anonymous_13)","decl":{"start":{"line":153,"column":2},"end":{"line":153,"column":7}},"loc":{"start":{"line":153,"column":41},"end":{"line":224,"column":3}}},"12":{"name":"(anonymous_14)","decl":{"start":{"line":188,"column":49},"end":{"line":188,"column":52}},"loc":{"start":{"line":188,"column":56},"end":{"line":188,"column":58}}},"13":{"name":"(anonymous_15)","decl":{"start":{"line":226,"column":2},"end":{"line":226,"column":7}},"loc":{"start":{"line":226,"column":25},"end":{"line":237,"column":3}}}},"branchMap":{"0":{"loc":{"start":{"line":49,"column":20},"end":{"line":49,"column":62}},"type":"binary-expr","locations":[{"start":{"line":49,"column":20},"end":{"line":49,"column":56}},{"start":{"line":49,"column":60},"end":{"line":49,"column":62}}]},"1":{"loc":{"start":{"line":50,"column":6},"end":{"line":50,"column":39}},"type":"if","locations":[{"start":{"line":50,"column":6},"end":{"line":50,"column":39}}]},"2":{"loc":{"start":{"line":53,"column":4},"end":{"line":53,"column":49}},"type":"if","locations":[{"start":{"line":53,"column":4},"end":{"line":53,"column":49}}]},"3":{"loc":{"start":{"line":60,"column":4},"end":{"line":60,"column":46}},"type":"if","locations":[{"start":{"line":60,"column":4},"end":{"line":60,"column":46}}]},"4":{"loc":{"start":{"line":72,"column":42},"end":{"line":72,"column":75}},"type":"binary-expr","locations":[{"start":{"line":72,"column":42},"end":{"line":72,"column":55}},{"start":{"line":72,"column":59},"end":{"line":72,"column":75}}]},"5":{"loc":{"start":{"line":73,"column":6},"end":{"line":74,"column":24}},"type":"if","locations":[{"start":{"line":73,"column":6},"end":{"line":74,"column":24}},{"start":{"line":74,"column":11},"end":{"line":74,"column":24}}]},"6":{"loc":{"start":{"line":84,"column":4},"end":{"line":84,"column":21}},"type":"if","locations":[{"start":{"line":84,"column":4},"end":{"line":84,"column":21}}]},"7":{"loc":{"start":{"line":85,"column":4},"end":{"line":85,"column":42}},"type":"if","locations":[{"start":{"line":85,"column":4},"end":{"line":85,"column":42}}]},"8":{"loc":{"start":{"line":86,"column":4},"end":{"line":86,"column":62}},"type":"if","locations":[{"start":{"line":86,"column":4},"end":{"line":86,"column":62}}]},"9":{"loc":{"start":{"line":94,"column":6},"end":{"line":94,"column":64}},"type":"if","locations":[{"start":{"line":94,"column":6},"end":{"line":94,"column":64}}]},"10":{"loc":{"start":{"line":94,"column":10},"end":{"line":94,"column":50}},"type":"binary-expr","locations":[{"start":{"line":94,"column":10},"end":{"line":94,"column":22}},{"start":{"line":94,"column":26},"end":{"line":94,"column":50}}]},"11":{"loc":{"start":{"line":105,"column":4},"end":{"line":105,"column":25}},"type":"if","locations":[{"start":{"line":105,"column":4},"end":{"line":105,"column":25}}]},"12":{"loc":{"start":{"line":108,"column":6},"end":{"line":108,"column":40}},"type":"if","locations":[{"start":{"line":108,"column":6},"end":{"line":108,"column":40}}]},"13":{"loc":{"start":{"line":118,"column":4},"end":{"line":118,"column":40}},"type":"if","locations":[{"start":{"line":118,"column":4},"end":{"line":118,"column":40}}]},"14":{"loc":{"start":{"line":122,"column":23},"end":{"line":122,"column":33}},"type":"binary-expr","locations":[{"start":{"line":122,"column":23},"end":{"line":122,"column":27}},{"start":{"line":122,"column":31},"end":{"line":122,"column":33}}]},"15":{"loc":{"start":{"line":124,"column":6},"end":{"line":124,"column":44}},"type":"if","locations":[{"start":{"line":124,"column":6},"end":{"line":124,"column":44}}]},"16":{"loc":{"start":{"line":124,"column":10},"end":{"line":124,"column":33}},"type":"binary-expr","locations":[{"start":{"line":124,"column":10},"end":{"line":124,"column":15}},{"start":{"line":124,"column":19},"end":{"line":124,"column":33}}]},"17":{"loc":{"start":{"line":136,"column":21},"end":{"line":136,"column":31}},"type":"binary-expr","locations":[{"start":{"line":136,"column":21},"end":{"line":136,"column":25}},{"start":{"line":136,"column":29},"end":{"line":136,"column":31}}]},"18":{"loc":{"start":{"line":137,"column":4},"end":{"line":137,"column":46}},"type":"if","locations":[{"start":{"line":137,"column":4},"end":{"line":137,"column":46}}]},"19":{"loc":{"start":{"line":155,"column":4},"end":{"line":155,"column":26}},"type":"if","locations":[{"start":{"line":155,"column":4},"end":{"line":155,"column":26}}]},"20":{"loc":{"start":{"line":161,"column":4},"end":{"line":161,"column":31}},"type":"if","locations":[{"start":{"line":161,"column":4},"end":{"line":161,"column":31}}]},"21":{"loc":{"start":{"line":166,"column":20},"end":{"line":166,"column":42}},"type":"binary-expr","locations":[{"start":{"line":166,"column":20},"end":{"line":166,"column":31}},{"start":{"line":166,"column":35},"end":{"line":166,"column":42}}]},"22":{"loc":{"start":{"line":170,"column":4},"end":{"line":170,"column":43}},"type":"if","locations":[{"start":{"line":170,"column":4},"end":{"line":170,"column":43}}]},"23":{"loc":{"start":{"line":186,"column":4},"end":{"line":186,"column":29}},"type":"if","locations":[{"start":{"line":186,"column":4},"end":{"line":186,"column":29}}]},"24":{"loc":{"start":{"line":190,"column":4},"end":{"line":190,"column":69}},"type":"if","locations":[{"start":{"line":190,"column":4},"end":{"line":190,"column":69}}]},"25":{"loc":{"start":{"line":190,"column":8},"end":{"line":190,"column":55}},"type":"binary-expr","locations":[{"start":{"line":190,"column":8},"end":{"line":190,"column":31}},{"start":{"line":190,"column":35},"end":{"line":190,"column":55}}]},"26":{"loc":{"start":{"line":196,"column":6},"end":{"line":196,"column":52}},"type":"if","locations":[{"start":{"line":196,"column":6},"end":{"line":196,"column":52}}]},"27":{"loc":{"start":{"line":196,"column":10},"end":{"line":196,"column":41}},"type":"binary-expr","locations":[{"start":{"line":196,"column":10},"end":{"line":196,"column":14}},{"start":{"line":196,"column":18},"end":{"line":196,"column":41}}]},"28":{"loc":{"start":{"line":198,"column":6},"end":{"line":198,"column":45}},"type":"if","locations":[{"start":{"line":198,"column":6},"end":{"line":198,"column":45}}]},"29":{"loc":{"start":{"line":207,"column":6},"end":{"line":207,"column":57}},"type":"if","locations":[{"start":{"line":207,"column":6},"end":{"line":207,"column":57}}]},"30":{"loc":{"start":{"line":210,"column":6},"end":{"line":210,"column":56}},"type":"if","locations":[{"start":{"line":210,"column":6},"end":{"line":210,"column":56}}]},"31":{"loc":{"start":{"line":210,"column":10},"end":{"line":210,"column":45}},"type":"binary-expr","locations":[{"start":{"line":210,"column":10},"end":{"line":210,"column":21}},{"start":{"line":210,"column":25},"end":{"line":210,"column":45}}]},"32":{"loc":{"start":{"line":216,"column":4},"end":{"line":216,"column":45}},"type":"if","locations":[{"start":{"line":216,"column":4},"end":{"line":216,"column":45}}]},"33":{"loc":{"start":{"line":223,"column":11},"end":{"line":223,"column":46}},"type":"cond-expr","locations":[{"start":{"line":223,"column":30},"end":{"line":223,"column":39}},{"start":{"line":223,"column":42},"end":{"line":223,"column":46}}]},"34":{"loc":{"start":{"line":233,"column":4},"end":{"line":235,"column":5}},"type":"if","locations":[{"start":{"line":233,"column":4},"end":{"line":235,"column":5}}]},"35":{"loc":{"start":{"line":233,"column":8},"end":{"line":233,"column":34}},"type":"binary-expr","locations":[{"start":{"line":233,"column":8},"end":{"line":233,"column":13}},{"start":{"line":233,"column":17},"end":{"line":233,"column":34}}]}},"s":{"0":1,"1":1,"2":1,"3":1,"4":1,"5":1,"6":7,"7":2,"8":2,"9":2,"10":2,"11":2,"12":2,"13":2,"14":2,"15":2,"16":1,"17":1,"18":0,"19":1,"20":1,"21":1,"22":3,"23":3,"24":0,"25":0,"26":3,"27":5,"28":3,"29":1,"30":2,"31":1,"32":0,"33":0,"34":0,"35":0,"36":0,"37":0,"38":0,"39":0,"40":5,"41":5,"42":57,"43":3,"44":2,"45":2,"46":2,"47":2,"48":1,"49":1,"50":1,"51":4,"52":4,"53":1,"54":1,"55":1,"56":1,"57":1,"58":1,"59":0,"60":1,"61":1,"62":1,"63":4,"64":4,"65":4,"66":2,"67":2,"68":2,"69":1,"70":5,"71":5,"72":1,"73":4,"74":4,"75":0,"76":0,"77":0,"78":0,"79":0,"80":0,"81":0,"82":0,"83":0,"84":0,"85":0,"86":0,"87":0,"88":0,"89":0,"90":0,"91":0,"92":0,"93":0,"94":0,"95":0,"96":0,"97":0,"98":0,"99":0,"100":0,"101":0,"102":0,"103":0,"104":0,"105":0,"106":0,"107":0,"108":0,"109":0,"110":0,"111":0,"112":0,"113":0,"114":0,"115":0,"116":0,"117":0,"118":0,"119":0,"120":0,"121":0,"122":0,"123":0,"124":0,"125":0,"126":0,"127":0,"128":1,"129":1},"f":{"0":7,"1":2,"2":1,"3":5,"4":0,"5":5,"6":2,"7":4,"8":1,"9":5,"10":0,"11":0,"12":0,"13":0},"b":{"0":[2,0],"1":[2],"2":[2],"3":[0],"4":[5,5],"5":[1,2],"6":[0],"7":[0],"8":[0],"9":[3],"10":[57,56],"11":[1],"12":[4],"13":[0],"14":[4,0],"15":[2],"16":[4,3],"17":[5,0],"18":[1],"19":[0],"20":[0],"21":[0,0],"22":[0],"23":[0],"24":[0],"25":[0,0],"26":[0],"27":[0,0],"28":[0],"29":[0],"30":[0],"31":[0,0],"32":[0],"33":[0,0],"34":[0],"35":[0,0]}}
}
