TN:
SF:src\core\auth\guards\jwt.guard.ts
FN:9,(anonymous_2)
FN:11,(anonymous_3)
FNF:2
FNH:2
FNDA:1,(anonymous_2)
FNDA:3,(anonymous_3)
DA:1,1
DA:3,1
DA:4,1
DA:8,1
DA:9,1
DA:12,3
DA:13,3
DA:15,3
DA:17,2
DA:18,2
DA:20,1
DA:25,1
LF:12
LH:12
BRDA:15,0,0,1
BRDA:18,1,0,1
BRDA:22,2,0,1
BRDA:22,2,1,0
BRF:4
BRH:3
end_of_record
TN:
SF:src\core\auth\guards\optional-jwt.guard.ts
FN:9,(anonymous_2)
FN:11,(anonymous_3)
FNF:2
FNH:2
FNDA:1,(anonymous_2)
FNDA:3,(anonymous_3)
DA:1,1
DA:3,1
DA:4,1
DA:8,1
DA:9,1
DA:12,3
DA:13,3
DA:15,3
DA:17,2
DA:18,2
DA:20,1
DA:21,1
LF:12
LH:12
BRDA:15,0,0,1
BRDA:18,1,0,1
BRDA:20,2,0,1
BRDA:20,2,1,0
BRF:4
BRH:3
end_of_record
TN:
SF:src\core\filters\http-exception.filter.ts
FN:35,(anonymous_1)
FN:38,(anonymous_2)
FN:65,(anonymous_3)
FN:83,(anonymous_4)
FNF:4
FNH:4
FNDA:6,(anonymous_1)
FNDA:6,(anonymous_2)
FNDA:6,(anonymous_3)
FNDA:2,(anonymous_4)
DA:1,1
DA:35,1
DA:36,6
DA:39,6
DA:40,6
DA:41,6
DA:43,6
DA:45,6
DA:47,6
DA:48,3
DA:54,6
DA:62,6
DA:69,6
DA:70,3
DA:71,3
DA:73,3
DA:74,0
DA:77,3
DA:78,3
DA:81,3
DA:82,3
DA:83,2
DA:84,1
DA:88,0
DA:92,3
DA:93,3
DA:99,3
LF:27
LH:25
BRDA:47,0,0,3
BRDA:50,1,0,2
BRDA:50,1,1,1
BRDA:57,2,0,6
BRDA:57,2,1,0
BRDA:69,3,0,3
BRDA:73,4,0,0
BRDA:77,5,0,3
BRDA:77,6,0,3
BRDA:77,6,1,3
BRDA:82,7,0,2
BRDA:83,8,0,1
BRDA:83,9,0,1
BRDA:83,9,1,1
BRDA:93,10,0,1
BRDA:93,10,1,2
BRDA:95,11,0,1
BRDA:95,11,1,1
BRF:18
BRH:16
end_of_record
TN:
SF:src\core\http\guest-session.ts
FN:15,readGuestSessionCookie
FN:24,readGuestSessionId
FN:36,resolveClaimGuestSessionId
FN:47,setGuestSessionCookie
FN:61,clearGuestSessionCookie
FNF:5
FNH:2
FNDA:6,readGuestSessionCookie
FNDA:0,readGuestSessionId
FNDA:4,resolveClaimGuestSessionId
FNDA:0,setGuestSessionCookie
FNDA:0,clearGuestSessionCookie
DA:9,1
DA:15,1
DA:16,6
DA:17,6
DA:18,2
DA:24,1
DA:25,0
DA:26,0
DA:27,0
DA:28,0
DA:29,0
DA:30,0
DA:36,1
DA:40,4
DA:41,4
DA:42,3
DA:43,3
DA:44,2
DA:47,1
DA:52,0
DA:61,1
DA:62,0
LF:22
LH:14
BRDA:17,0,0,4
BRDA:26,1,0,0
BRDA:28,2,0,0
BRDA:28,3,0,0
BRDA:28,3,1,0
BRDA:29,4,0,0
BRDA:29,5,0,0
BRDA:29,5,1,0
BRDA:41,6,0,1
BRDA:43,7,0,1
BRDA:43,8,0,3
BRDA:43,8,1,2
BRF:12
BRH:5
end_of_record
TN:
SF:src\core\scraper\scrape-url-policy.ts
FN:5,(anonymous_0)
FN:12,assertUrlSafeForServerFetch
FN:63,isBlockedIpLiteral
FN:73,isPrivateOrReservedIpv4
FN:74,(anonymous_4)
FN:75,(anonymous_5)
FN:90,isPrivateOrReservedIpv6
FN:97,(anonymous_7)
FN:118,fetchHtmlSafeForServer
FN:176,extractIpv4FromIpv6Mapped
FNF:10
FNH:7
FNDA:18,(anonymous_0)
FNDA:8,assertUrlSafeForServerFetch
FNDA:6,isBlockedIpLiteral
FNDA:6,isPrivateOrReservedIpv4
FNDA:24,(anonymous_4)
FNDA:24,(anonymous_5)
FNDA:0,isPrivateOrReservedIpv6
FNDA:0,(anonymous_7)
FNDA:1,fetchHtmlSafeForServer
FNDA:0,extractIpv4FromIpv6Mapped
DA:1,6
DA:2,6
DA:4,6
DA:5,18
DA:12,6
DA:16,8
DA:17,8
DA:19,0
DA:22,8
DA:23,1
DA:26,7
DA:27,0
DA:30,7
DA:31,7
DA:32,0
DA:35,7
DA:36,1
DA:39,6
DA:40,6
DA:41,3
DA:46,3
DA:47,3
DA:48,3
DA:49,0
DA:51,3
DA:52,3
DA:53,1
DA:56,2
DA:58,0
DA:59,0
DA:64,6
DA:65,6
DA:67,0
DA:68,0
DA:70,0
DA:74,24
DA:75,24
DA:76,0
DA:78,6
DA:80,6
DA:81,4
DA:82,3
DA:83,3
DA:84,3
DA:85,3
DA:86,3
DA:87,3
DA:91,0
DA:93,0
DA:95,0
DA:97,0
DA:98,0
DA:99,0
DA:101,0
DA:102,0
DA:104,0
DA:107,6
DA:108,6
DA:118,6
DA:127,1
DA:129,1
DA:130,2
DA:131,2
DA:132,1
DA:136,1
DA:137,1
DA:148,0
DA:149,0
DA:152,1
DA:153,1
DA:154,1
DA:155,0
DA:157,1
DA:158,1
DA:160,0
DA:162,1
DA:165,0
DA:166,0
DA:169,0
DA:170,0
DA:173,0
DA:177,0
DA:178,0
DA:179,0
DA:180,0
DA:181,0
DA:182,0
DA:183,0
DA:184,0
DA:185,0
DA:187,0
LF:91
LH:53
BRDA:22,0,0,1
BRDA:22,1,0,8
BRDA:22,1,1,1
BRDA:26,2,0,0
BRDA:26,3,0,7
BRDA:26,3,1,7
BRDA:31,4,0,0
BRDA:35,5,0,1
BRDA:35,6,0,7
BRDA:35,6,1,6
BRDA:35,6,2,6
BRDA:39,7,0,3
BRDA:39,7,1,3
BRDA:39,8,0,0
BRDA:39,8,1,3
BRDA:40,9,0,3
BRDA:40,10,0,6
BRDA:40,10,1,3
BRDA:41,11,0,2
BRDA:41,11,1,1
BRDA:48,12,0,0
BRDA:52,13,0,1
BRDA:58,14,0,0
BRDA:58,14,1,0
BRDA:64,15,0,6
BRDA:67,16,0,0
BRDA:75,17,0,0
BRDA:75,18,0,6
BRDA:75,18,1,6
BRDA:75,19,0,24
BRDA:75,19,1,24
BRDA:75,19,2,24
BRDA:80,20,0,2
BRDA:80,21,0,6
BRDA:80,21,1,6
BRDA:81,22,0,1
BRDA:82,23,0,0
BRDA:82,24,0,3
BRDA:82,24,1,0
BRDA:82,24,2,0
BRDA:83,25,0,0
BRDA:83,26,0,3
BRDA:83,26,1,0
BRDA:84,27,0,0
BRDA:84,28,0,3
BRDA:84,28,1,0
BRDA:84,28,2,0
BRDA:85,29,0,0
BRDA:85,30,0,3
BRDA:85,30,1,0
BRDA:86,31,0,0
BRDA:91,32,0,0
BRDA:91,32,1,0
BRDA:93,33,0,0
BRDA:95,34,0,0
BRDA:95,35,0,0
BRDA:95,35,1,0
BRDA:97,36,0,0
BRDA:97,36,1,0
BRDA:98,37,0,0
BRDA:98,38,0,0
BRDA:98,38,1,0
BRDA:99,39,0,0
BRDA:102,40,0,0
BRDA:131,41,0,1
BRDA:142,42,0,1
BRDA:142,42,1,1
BRDA:148,43,0,0
BRDA:148,43,1,0
BRDA:152,44,0,1
BRDA:154,45,0,0
BRDA:165,46,0,0
BRDA:179,47,0,0
BRDA:181,48,0,0
BRDA:183,49,0,0
BRDA:185,50,0,0
BRF:76
BRH:36
end_of_record
TN:
SF:src\core\scraper\site-classifier.service.ts
FN:13,(anonymous_2)
FN:15,(anonymous_3)
FN:45,(anonymous_4)
FN:91,(anonymous_5)
FN:109,(anonymous_6)
FN:110,(anonymous_7)
FN:115,(anonymous_8)
FN:131,(anonymous_9)
FN:132,(anonymous_10)
FN:132,(anonymous_11)
FN:143,(anonymous_12)
FN:149,(anonymous_13)
FN:161,(anonymous_14)
FNF:13
FNH:7
FNDA:1,(anonymous_2)
FNDA:3,(anonymous_3)
FNDA:0,(anonymous_4)
FNDA:0,(anonymous_5)
FNDA:0,(anonymous_6)
FNDA:0,(anonymous_7)
FNDA:0,(anonymous_8)
FNDA:3,(anonymous_9)
FNDA:9,(anonymous_10)
FNDA:39,(anonymous_11)
FNDA:2,(anonymous_12)
FNDA:0,(anonymous_13)
FNDA:2,(anonymous_14)
DA:1,4
DA:2,4
DA:3,4
DA:5,4
DA:7,4
DA:10,4
DA:11,1
DA:13,1
DA:22,3
DA:23,3
DA:26,3
DA:27,3
DA:28,0
DA:29,0
DA:35,0
DA:37,0
DA:42,3
DA:51,0
DA:52,0
DA:53,0
DA:55,0
DA:89,0
DA:91,0
DA:94,0
DA:95,0
DA:97,0
DA:98,0
DA:105,0
DA:107,0
DA:109,0
DA:110,0
DA:114,0
DA:115,0
DA:118,0
DA:120,0
DA:127,0
DA:132,39
DA:134,3
DA:135,1
DA:143,2
DA:146,2
DA:149,0
DA:153,2
DA:162,2
DA:163,2
LF:45
LH:21
BRDA:22,0,0,3
BRDA:22,0,1,0
BRDA:23,1,0,3
BRDA:23,1,1,0
BRDA:27,2,0,0
BRDA:31,3,0,0
BRDA:31,3,1,0
BRDA:35,4,0,0
BRDA:53,5,0,0
BRDA:89,6,0,0
BRDA:95,7,0,0
BRDA:105,8,0,0
BRDA:105,8,1,0
BRDA:107,9,0,0
BRDA:107,9,1,0
BRDA:114,10,0,0
BRDA:114,10,1,0
BRDA:118,11,0,0
BRDA:121,12,0,0
BRDA:121,12,1,0
BRDA:134,13,0,1
BRDA:146,14,0,2
BRDA:146,14,1,0
BRDA:154,15,0,2
BRDA:154,15,1,0
BRF:25
BRH:5
end_of_record
TN:
SF:src\core\scraper\site-scraper.service.ts
FN:12,(anonymous_1)
FN:15,(anonymous_2)
FN:37,(anonymous_3)
FN:46,(anonymous_4)
FN:55,(anonymous_5)
FN:67,(anonymous_6)
FNF:6
FNH:0
FNDA:0,(anonymous_1)
FNDA:0,(anonymous_2)
FNDA:0,(anonymous_3)
FNDA:0,(anonymous_4)
FNDA:0,(anonymous_5)
FNDA:0,(anonymous_6)
DA:1,3
DA:2,3
DA:3,3
DA:6,3
DA:7,3
DA:9,3
DA:12,3
DA:13,0
DA:16,0
DA:21,0
DA:22,0
DA:23,0
DA:26,0
DA:27,0
DA:28,0
DA:29,0
DA:31,0
DA:38,0
DA:39,0
DA:40,0
DA:41,0
DA:42,0
DA:43,0
DA:47,0
DA:48,0
DA:49,0
DA:51,0
DA:56,0
DA:57,0
DA:58,0
DA:59,0
DA:60,0
DA:61,0
DA:63,0
DA:68,0
DA:69,0
DA:70,0
DA:71,0
DA:72,0
DA:73,0
DA:74,0
LF:41
LH:7
BRDA:21,0,0,0
BRDA:39,1,0,0
BRDA:39,2,0,0
BRDA:39,2,1,0
BRDA:40,3,0,0
BRDA:40,4,0,0
BRDA:40,4,1,0
BRDA:42,5,0,0
BRDA:42,6,0,0
BRDA:42,6,1,0
BRDA:59,7,0,0
BRDA:59,7,1,0
BRDA:69,8,0,0
BRDA:69,8,1,0
BRDA:71,9,0,0
BRDA:74,10,0,0
BRDA:74,10,1,0
BRF:17
BRH:0
end_of_record
TN:
SF:src\core\supabase\supabase.service.ts
FN:16,(anonymous_2)
FN:28,(anonymous_3)
FN:36,(anonymous_4)
FN:41,(anonymous_5)
FN:46,(anonymous_6)
FNF:5
FNH:0
FNDA:0,(anonymous_2)
FNDA:0,(anonymous_3)
FNDA:0,(anonymous_4)
FNDA:0,(anonymous_5)
FNDA:0,(anonymous_6)
DA:1,8
DA:2,8
DA:3,8
DA:7,8
DA:16,0
DA:17,0
DA:18,0
DA:19,0
DA:21,0
DA:22,0
DA:29,0
DA:37,0
DA:42,0
DA:50,0
DA:51,0
DA:52,0
LF:16
LH:4
BRDA:51,0,0,0
BRDA:51,1,0,0
BRDA:51,1,1,0
BRF:3
BRH:0
end_of_record
TN:
SF:src\domain\analysis\analysis-pipeline.service.ts
FN:13,(anonymous_4)
FN:25,(anonymous_5)
FN:26,(anonymous_6)
FN:32,(anonymous_7)
FN:106,(anonymous_8)
FNF:5
FNH:2
FNDA:1,(anonymous_4)
FNDA:0,(anonymous_5)
FNDA:0,(anonymous_6)
FNDA:1,(anonymous_7)
FNDA:0,(anonymous_8)
DA:1,3
DA:2,3
DA:3,3
DA:4,3
DA:5,3
DA:6,3
DA:10,3
DA:11,1
DA:15,1
DA:16,1
DA:17,1
DA:18,1
DA:26,0
DA:27,0
DA:29,0
DA:33,1
DA:34,1
DA:42,1
DA:43,1
DA:44,0
DA:54,0
DA:58,1
DA:67,1
DA:79,1
DA:82,1
DA:83,1
DA:94,0
DA:95,0
DA:106,0
LF:29
LH:21
BRDA:43,0,0,0
BRDA:82,1,0,0
BRDA:82,1,1,1
BRDA:101,2,0,0
BRDA:101,2,1,0
BRF:5
BRH:1
end_of_record
TN:
SF:src\domain\analysis\analysis.repository.ts
FN:29,(anonymous_2)
FN:31,(anonymous_3)
FN:46,(anonymous_4)
FN:62,(anonymous_5)
FN:74,(anonymous_6)
FN:77,(anonymous_7)
FN:106,(anonymous_8)
FN:137,(anonymous_9)
FN:151,(anonymous_10)
FN:165,(anonymous_11)
FNF:10
FNH:2
FNDA:1,(anonymous_2)
FNDA:0,(anonymous_3)
FNDA:0,(anonymous_4)
FNDA:0,(anonymous_5)
FNDA:0,(anonymous_6)
FNDA:0,(anonymous_7)
FNDA:0,(anonymous_8)
FNDA:1,(anonymous_9)
FNDA:0,(anonymous_10)
FNDA:0,(anonymous_11)
DA:1,1
DA:9,1
DA:26,1
DA:27,1
DA:29,1
DA:32,0
DA:39,0
DA:40,0
DA:41,0
DA:43,0
DA:48,0
DA:55,0
DA:56,0
DA:57,0
DA:59,0
DA:63,0
DA:70,0
DA:71,0
DA:72,0
DA:74,0
DA:78,0
DA:80,0
DA:91,0
DA:92,0
DA:101,0
DA:103,0
DA:112,0
DA:114,0
DA:124,0
DA:125,0
DA:128,0
DA:130,0
DA:131,0
DA:132,0
DA:138,1
DA:143,1
DA:144,1
DA:145,1
DA:152,0
DA:171,0
DA:172,0
DA:177,0
DA:178,0
DA:181,0
DA:182,0
DA:185,0
LF:46
LH:9
BRDA:39,0,0,0
BRDA:43,1,0,0
BRDA:43,1,1,0
BRDA:55,2,0,0
BRDA:59,3,0,0
BRDA:59,3,1,0
BRDA:70,4,0,0
BRDA:74,5,0,0
BRDA:74,5,1,0
BRDA:78,6,0,0
BRDA:78,6,1,0
BRDA:91,7,0,0
BRDA:93,8,0,0
BRDA:93,8,1,0
BRDA:112,9,0,0
BRDA:112,9,1,0
BRDA:118,10,0,0
BRDA:118,10,1,0
BRDA:119,11,0,0
BRDA:119,11,1,0
BRDA:120,12,0,0
BRDA:120,12,1,0
BRDA:124,13,0,0
BRDA:124,14,0,0
BRDA:124,14,1,0
BRDA:130,15,0,0
BRDA:143,16,0,1
BRDA:156,17,0,0
BRDA:156,17,1,0
BRDA:171,18,0,0
BRDA:177,19,0,0
BRDA:181,20,0,0
BRDA:181,21,0,0
BRDA:181,21,1,0
BRDA:181,21,2,0
BRF:35
BRH:1
end_of_record
TN:
SF:src\domain\analysis\analysis.service.ts
FN:9,(anonymous_4)
FN:17,(anonymous_5)
FN:26,(anonymous_6)
FN:30,(anonymous_7)
FN:40,(anonymous_8)
FN:49,(anonymous_9)
FN:57,(anonymous_10)
FNF:7
FNH:4
FNDA:3,(anonymous_4)
FNDA:1,(anonymous_5)
FNDA:0,(anonymous_6)
FNDA:1,(anonymous_7)
FNDA:1,(anonymous_8)
FNDA:0,(anonymous_9)
FNDA:0,(anonymous_10)
DA:1,2
DA:2,2
DA:3,2
DA:8,2
DA:11,3
DA:12,3
DA:18,1
DA:22,1
DA:23,1
DA:27,0
DA:31,1
DA:32,1
DA:33,1
DA:35,0
DA:41,1
DA:45,1
DA:46,1
DA:50,0
DA:51,0
DA:52,0
DA:58,0
LF:21
LH:15
BRDA:32,0,0,1
BRDA:32,1,0,1
BRDA:32,1,1,1
BRDA:51,2,0,0
BRF:4
BRH:3
end_of_record
TN:
SF:src\domain\catalog\catalog.repository.ts
FN:18,(anonymous_2)
FN:20,(anonymous_3)
FN:35,(anonymous_4)
FN:50,(anonymous_5)
FN:52,(anonymous_6)
FN:52,(anonymous_7)
FN:55,(anonymous_8)
FN:85,(anonymous_9)
FN:93,(anonymous_10)
FN:120,(anonymous_11)
FN:167,(anonymous_12)
FN:176,(anonymous_13)
FN:179,(anonymous_14)
FN:190,(anonymous_15)
FN:196,(anonymous_16)
FN:199,(anonymous_17)
FN:200,(anonymous_18)
FN:204,(anonymous_19)
FN:220,(anonymous_20)
FN:225,(anonymous_21)
FN:229,(anonymous_22)
FN:243,(anonymous_23)
FNF:22
FNH:4
FNDA:2,(anonymous_2)
FNDA:2,(anonymous_3)
FNDA:0,(anonymous_4)
FNDA:0,(anonymous_5)
FNDA:0,(anonymous_6)
FNDA:0,(anonymous_7)
FNDA:0,(anonymous_8)
FNDA:0,(anonymous_9)
FNDA:0,(anonymous_10)
FNDA:0,(anonymous_11)
FNDA:0,(anonymous_12)
FNDA:0,(anonymous_13)
FNDA:1,(anonymous_14)
FNDA:0,(anonymous_15)
FNDA:0,(anonymous_16)
FNDA:0,(anonymous_17)
FNDA:0,(anonymous_18)
FNDA:0,(anonymous_19)
FNDA:0,(anonymous_20)
FNDA:0,(anonymous_21)
FNDA:0,(anonymous_22)
FNDA:1,(anonymous_23)
DA:1,1
DA:2,1
DA:13,1
DA:14,2
DA:15,1
DA:16,1
DA:18,2
DA:21,2
DA:27,2
DA:28,1
DA:29,1
DA:32,1
DA:36,0
DA:38,0
DA:39,0
DA:44,0
DA:45,0
DA:46,0
DA:49,0
DA:50,0
DA:52,0
DA:56,0
DA:57,0
DA:59,0
DA:60,0
DA:74,0
DA:77,0
DA:78,0
DA:79,0
DA:80,0
DA:81,0
DA:82,0
DA:85,0
DA:94,0
DA:95,0
DA:97,0
DA:98,0
DA:100,0
DA:101,0
DA:103,0
DA:104,0
DA:105,0
DA:106,0
DA:108,0
DA:109,0
DA:110,0
DA:113,0
DA:125,0
DA:129,0
DA:133,0
DA:137,0
DA:141,0
DA:143,0
DA:144,0
DA:145,0
DA:146,0
DA:147,0
DA:148,0
DA:150,0
DA:151,0
DA:152,0
DA:155,0
DA:158,0
DA:159,0
DA:160,0
DA:162,0
DA:165,0
DA:166,0
DA:167,0
DA:172,0
DA:176,0
DA:180,1
DA:181,0
DA:183,1
DA:184,1
DA:185,0
DA:187,1
DA:191,0
DA:192,0
DA:193,0
DA:197,0
DA:198,0
DA:199,0
DA:200,0
DA:201,0
DA:207,0
DA:208,0
DA:210,0
DA:211,0
DA:212,0
DA:213,0
DA:214,0
DA:215,0
DA:217,0
DA:221,0
DA:222,0
DA:226,0
DA:235,0
DA:244,1
LF:99
LH:17
BRDA:27,0,0,1
BRDA:32,1,0,1
BRDA:32,1,1,0
BRDA:36,2,0,0
BRDA:44,3,0,0
BRDA:49,4,0,0
BRDA:49,4,1,0
BRDA:59,5,0,0
BRDA:80,6,0,0
BRDA:85,7,0,0
BRDA:85,7,1,0
BRDA:95,8,0,0
BRDA:98,9,0,0
BRDA:101,10,0,0
BRDA:103,11,0,0
BRDA:104,12,0,0
BRDA:105,13,0,0
BRDA:106,14,0,0
BRDA:130,15,0,0
BRDA:130,15,1,0
BRDA:130,16,0,0
BRDA:130,16,1,0
BRDA:138,17,0,0
BRDA:138,17,1,0
BRDA:138,18,0,0
BRDA:138,18,1,0
BRDA:151,19,0,0
BRDA:158,20,0,0
BRDA:158,20,1,0
BRDA:160,21,0,0
BRDA:165,22,0,0
BRDA:165,23,0,0
BRDA:165,23,1,0
BRDA:180,24,0,0
BRDA:180,25,0,1
BRDA:180,25,1,1
BRDA:180,25,2,1
BRDA:185,26,0,0
BRDA:185,27,0,0
BRDA:185,27,1,0
BRDA:191,28,0,0
BRDA:193,29,0,0
BRDA:193,29,1,0
BRDA:197,30,0,0
BRDA:207,31,0,0
BRDA:207,32,0,0
BRDA:207,32,1,0
BRDA:207,32,2,0
BRDA:214,33,0,0
BRDA:214,34,0,0
BRDA:214,34,1,0
BRDA:221,35,0,0
BRDA:251,36,0,1
BRDA:251,36,1,0
BRDA:253,37,0,1
BRDA:253,37,1,0
BRDA:254,38,0,1
BRDA:254,38,1,1
BRDA:255,39,0,1
BRDA:255,39,1,0
BRF:60
BRH:10
end_of_record
TN:
SF:src\domain\catalog\catalog.service.ts
FN:21,(anonymous_4)
FN:32,(anonymous_5)
FN:41,(anonymous_6)
FN:49,(anonymous_7)
FN:60,(anonymous_8)
FN:92,(anonymous_9)
FNF:6
FNH:4
FNDA:1,(anonymous_4)
FNDA:0,(anonymous_5)
FNDA:0,(anonymous_6)
FNDA:2,(anonymous_7)
FNDA:3,(anonymous_8)
FNDA:2,(anonymous_9)
DA:1,2
DA:3,2
DA:4,2
DA:12,2
DA:18,2
DA:19,1
DA:23,1
DA:24,1
DA:33,0
DA:42,0
DA:43,0
DA:44,0
DA:46,0
DA:50,2
DA:64,3
DA:65,2
DA:66,1
DA:69,1
DA:72,1
DA:76,1
DA:78,1
DA:80,1
DA:83,1
DA:85,1
DA:96,2
DA:97,2
DA:98,1
DA:101,1
DA:104,1
DA:108,1
DA:112,1
DA:114,1
DA:118,1
LF:33
LH:28
BRDA:43,0,0,0
BRDA:65,1,0,1
BRDA:97,2,0,1
BRF:3
BRH:2
end_of_record
TN:
SF:src\domain\product-template\product-template.repository.ts
FN:28,(anonymous_2)
FN:30,(anonymous_3)
FN:45,(anonymous_4)
FN:57,(anonymous_5)
FN:60,(anonymous_6)
FN:79,(anonymous_7)
FN:89,(anonymous_8)
FN:112,(anonymous_9)
FN:125,(anonymous_10)
FN:131,(anonymous_11)
FN:140,(anonymous_12)
FN:145,(anonymous_13)
FNF:12
FNH:4
FNDA:2,(anonymous_2)
FNDA:2,(anonymous_3)
FNDA:0,(anonymous_4)
FNDA:0,(anonymous_5)
FNDA:0,(anonymous_6)
FNDA:0,(anonymous_7)
FNDA:0,(anonymous_8)
FNDA:0,(anonymous_9)
FNDA:1,(anonymous_10)
FNDA:1,(anonymous_11)
FNDA:0,(anonymous_12)
FNDA:0,(anonymous_13)
DA:1,1
DA:2,1
DA:25,1
DA:26,2
DA:28,2
DA:31,2
DA:38,2
DA:39,1
DA:40,1
DA:42,1
DA:46,0
DA:53,0
DA:54,0
DA:55,0
DA:57,0
DA:65,0
DA:72,0
DA:73,0
DA:74,0
DA:76,0
DA:84,0
DA:89,0
DA:97,0
DA:105,0
DA:106,0
DA:107,0
DA:109,0
DA:113,0
DA:119,0
DA:120,0
DA:121,0
DA:126,1
DA:127,1
DA:131,1
DA:141,0
DA:145,0
LF:36
LH:13
BRDA:38,0,0,1
BRDA:42,1,0,1
BRDA:42,1,1,0
BRDA:53,2,0,0
BRDA:57,3,0,0
BRDA:57,3,1,0
BRDA:72,4,0,0
BRDA:86,5,0,0
BRDA:86,5,1,0
BRDA:87,6,0,0
BRDA:87,6,1,0
BRDA:105,7,0,0
BRDA:119,8,0,0
BRDA:126,9,0,1
BRDA:126,9,1,0
BRF:15
BRH:3
end_of_record
TN:
SF:src\domain\product-template\product-template.service.ts
FN:21,(anonymous_4)
FN:29,(anonymous_5)
FN:34,(anonymous_6)
FN:47,(anonymous_7)
FN:58,(anonymous_8)
FN:63,(anonymous_9)
FN:73,(anonymous_10)
FN:78,(anonymous_11)
FN:87,(anonymous_12)
FN:95,(anonymous_13)
FNF:10
FNH:5
FNDA:4,(anonymous_4)
FNDA:0,(anonymous_5)
FNDA:2,(anonymous_6)
FNDA:0,(anonymous_7)
FNDA:0,(anonymous_8)
FNDA:0,(anonymous_9)
FNDA:0,(anonymous_10)
FNDA:1,(anonymous_11)
FNDA:1,(anonymous_12)
FNDA:1,(anonymous_13)
DA:1,2
DA:2,2
DA:6,2
DA:7,2
DA:17,2
DA:20,2
DA:23,4
DA:24,4
DA:25,4
DA:26,4
DA:30,0
DA:31,0
DA:39,2
DA:40,2
DA:41,2
DA:42,1
DA:44,1
DA:52,0
DA:53,0
DA:54,0
DA:55,0
DA:59,0
DA:60,0
DA:69,0
DA:70,0
DA:74,0
DA:75,0
DA:83,1
DA:84,1
DA:94,1
DA:95,1
DA:101,1
LF:32
LH:20
BRDA:41,0,0,1
BRDA:41,1,0,2
BRDA:41,1,1,2
BRDA:54,2,0,0
BRDA:54,3,0,0
BRDA:54,3,1,0
BRDA:98,4,0,1
BRDA:98,4,1,0
BRDA:99,5,0,0
BRDA:99,5,1,1
BRF:10
BRH:5
end_of_record
TN:
SF:src\domain\shop\shop.repository.ts
FN:13,(anonymous_2)
FN:15,(anonymous_3)
FN:30,(anonymous_4)
FN:45,(anonymous_5)
FN:57,(anonymous_6)
FN:60,(anonymous_7)
FN:89,(anonymous_8)
FN:105,(anonymous_9)
FN:179,(anonymous_10)
FN:194,(anonymous_11)
FN:212,(anonymous_12)
FN:223,(anonymous_13)
FNF:12
FNH:3
FNDA:3,(anonymous_2)
FNDA:3,(anonymous_3)
FNDA:0,(anonymous_4)
FNDA:0,(anonymous_5)
FNDA:0,(anonymous_6)
FNDA:0,(anonymous_7)
FNDA:0,(anonymous_8)
FNDA:0,(anonymous_9)
FNDA:0,(anonymous_10)
FNDA:0,(anonymous_11)
FNDA:0,(anonymous_12)
FNDA:1,(anonymous_13)
DA:1,1
DA:2,1
DA:10,1
DA:11,3
DA:13,3
DA:16,3
DA:23,3
DA:24,1
DA:25,1
DA:27,2
DA:31,0
DA:38,0
DA:39,0
DA:40,0
DA:42,0
DA:46,0
DA:53,0
DA:54,0
DA:55,0
DA:57,0
DA:61,0
DA:62,0
DA:63,0
DA:66,0
DA:82,0
DA:83,0
DA:84,0
DA:86,0
DA:90,0
DA:98,0
DA:99,0
DA:100,0
DA:102,0
DA:106,0
DA:107,0
DA:109,0
DA:110,0
DA:111,0
DA:114,0
DA:115,0
DA:116,0
DA:121,0
DA:122,0
DA:126,0
DA:127,0
DA:131,0
DA:134,0
DA:136,0
DA:137,0
DA:150,0
DA:151,0
DA:152,0
DA:154,0
DA:157,0
DA:172,0
DA:173,0
DA:174,0
DA:176,0
DA:180,0
DA:188,0
DA:189,0
DA:190,0
DA:195,0
DA:196,0
DA:204,0
DA:205,0
DA:206,0
DA:209,0
DA:213,0
DA:224,1
LF:70
LH:11
BRDA:23,0,0,1
BRDA:27,1,0,1
BRDA:27,1,1,1
BRDA:38,2,0,0
BRDA:42,3,0,0
BRDA:42,3,1,0
BRDA:53,4,0,0
BRDA:57,5,0,0
BRDA:57,5,1,0
BRDA:61,6,0,0
BRDA:82,7,0,0
BRDA:98,8,0,0
BRDA:107,9,0,0
BRDA:107,9,1,0
BRDA:109,10,0,0
BRDA:109,11,0,0
BRDA:109,11,1,0
BRDA:114,12,0,0
BRDA:114,13,0,0
BRDA:114,13,1,0
BRDA:122,14,0,0
BRDA:122,14,1,0
BRDA:126,15,0,0
BRDA:128,16,0,0
BRDA:128,16,1,0
BRDA:136,17,0,0
BRDA:150,18,0,0
BRDA:172,19,0,0
BRDA:188,20,0,0
BRDA:204,21,0,0
BRDA:209,22,0,0
BRDA:209,22,1,0
BRDA:214,23,0,0
BRDA:214,23,1,0
BRDA:215,24,0,0
BRDA:215,24,1,0
BRDA:216,25,0,0
BRDA:216,25,1,0
BRDA:217,26,0,0
BRDA:217,26,1,0
BRDA:218,27,0,0
BRDA:218,27,1,0
BRDA:219,28,0,0
BRDA:219,28,1,0
BRDA:230,29,0,1
BRDA:230,29,1,0
BRDA:231,30,0,1
BRDA:231,30,1,0
BRF:48
BRH:5
end_of_record
TN:
SF:src\domain\shop\shop.service.ts
FN:12,shopDisplayNameFromUrl
FN:21,mapScraperCmsToShopCms
FN:35,(anonymous_6)
FN:45,(anonymous_7)
FN:79,(anonymous_8)
FN:83,(anonymous_9)
FN:99,(anonymous_10)
FN:130,(anonymous_11)
FN:138,(anonymous_12)
FN:144,(anonymous_13)
FN:148,(anonymous_14)
FNF:11
FNH:4
FNDA:0,shopDisplayNameFromUrl
FNDA:0,mapScraperCmsToShopCms
FNDA:1,(anonymous_6)
FNDA:0,(anonymous_7)
FNDA:4,(anonymous_8)
FNDA:1,(anonymous_9)
FNDA:5,(anonymous_10)
FNDA:0,(anonymous_11)
FNDA:0,(anonymous_12)
FNDA:0,(anonymous_13)
FNDA:0,(anonymous_14)
DA:1,7
DA:9,7
DA:13,0
DA:14,0
DA:15,0
DA:17,0
DA:22,0
DA:26,0
DA:29,0
DA:34,7
DA:37,1
DA:57,0
DA:58,0
DA:60,0
DA:80,4
DA:95,1
DA:96,1
DA:100,5
DA:101,5
DA:102,5
DA:103,1
DA:106,4
DA:107,4
DA:121,2
DA:122,2
DA:123,2
DA:124,1
DA:126,1
DA:131,0
DA:132,0
DA:133,0
DA:135,0
DA:139,0
DA:140,0
DA:141,0
DA:145,0
DA:149,0
LF:37
LH:18
BRDA:15,0,0,0
BRDA:15,0,1,0
BRDA:22,1,0,0
BRDA:22,1,1,0
BRDA:22,1,2,0
BRDA:22,1,3,0
BRDA:22,1,4,0
BRDA:102,2,0,1
BRDA:123,3,0,1
BRDA:132,4,0,0
BRDA:132,5,0,0
BRDA:132,5,1,0
BRDA:140,6,0,0
BRF:13
BRH:2
end_of_record
TN:
SF:src\domain\user\user.repository.ts
FN:13,(anonymous_2)
FN:15,(anonymous_3)
FN:30,(anonymous_4)
FN:52,(anonymous_5)
FN:80,(anonymous_6)
FNF:5
FNH:3
FNDA:2,(anonymous_2)
FNDA:2,(anonymous_3)
FNDA:0,(anonymous_4)
FNDA:0,(anonymous_5)
FNDA:1,(anonymous_6)
DA:1,1
DA:2,1
DA:10,1
DA:11,2
DA:13,2
DA:16,2
DA:23,2
DA:24,1
DA:25,1
DA:27,1
DA:31,0
DA:32,0
DA:34,0
DA:39,0
DA:40,0
DA:41,0
DA:44,0
DA:45,0
DA:46,0
DA:47,0
DA:49,0
DA:53,0
DA:55,0
DA:56,0
DA:58,0
DA:59,0
DA:61,0
DA:62,0
DA:65,0
DA:73,0
DA:74,0
DA:75,0
DA:77,0
DA:81,1
LF:34
LH:11
BRDA:23,0,0,1
BRDA:27,1,0,1
BRDA:27,1,1,0
BRDA:32,2,0,0
BRDA:39,3,0,0
BRDA:39,4,0,0
BRDA:39,4,1,0
BRDA:45,5,0,0
BRDA:55,6,0,0
BRDA:58,7,0,0
BRDA:61,8,0,0
BRDA:73,9,0,0
BRF:12
BRH:2
end_of_record
TN:
SF:src\domain\user\user.service.ts
FN:12,(anonymous_4)
FN:19,(anonymous_5)
FN:25,(anonymous_6)
FN:54,(anonymous_7)
FN:61,(anonymous_8)
FN:85,(anonymous_9)
FNF:6
FNH:5
FNDA:1,(anonymous_4)
FNDA:2,(anonymous_5)
FNDA:0,(anonymous_6)
FNDA:1,(anonymous_7)
FNDA:2,(anonymous_8)
FNDA:2,(anonymous_9)
DA:1,1
DA:3,1
DA:4,1
DA:6,1
DA:7,1
DA:11,1
DA:14,1
DA:15,1
DA:16,1
DA:20,2
DA:21,2
DA:22,2
DA:26,0
DA:27,0
DA:28,0
DA:29,0
DA:32,0
DA:34,0
DA:35,0
DA:40,0
DA:41,0
DA:43,0
DA:44,0
DA:47,0
DA:48,0
DA:50,0
DA:51,0
DA:55,1
DA:56,1
DA:57,1
DA:65,2
DA:69,2
DA:73,1
DA:75,1
DA:86,2
LF:35
LH:20
BRDA:28,0,0,0
BRDA:32,1,0,0
BRDA:32,1,1,0
BRDA:34,2,0,0
BRDA:34,2,1,0
BRDA:40,3,0,0
BRDA:43,4,0,0
BRDA:43,5,0,0
BRDA:43,5,1,0
BRDA:47,6,0,0
BRDA:69,7,0,1
BRDA:70,8,0,2
BRDA:70,8,1,1
BRF:13
BRH:3
end_of_record
TN:
SF:src\feature\export\export.service.ts
FN:17,(anonymous_2)
FN:31,(anonymous_3)
FN:43,(anonymous_4)
FN:57,(anonymous_5)
FNF:4
FNH:4
FNDA:3,(anonymous_2)
FNDA:3,(anonymous_3)
FNDA:1,(anonymous_4)
FNDA:1,(anonymous_5)
DA:1,1
DA:2,1
DA:3,1
DA:4,1
DA:5,1
DA:6,1
DA:16,1
DA:18,3
DA:19,3
DA:20,3
DA:21,3
DA:22,3
DA:32,3
DA:37,3
DA:39,2
DA:40,2
DA:42,1
DA:43,1
DA:46,1
DA:47,1
DA:48,1
DA:50,1
DA:61,1
DA:62,1
DA:63,1
LF:25
LH:25
BRDA:37,0,0,1
BRDA:40,1,0,1
BRDA:48,2,0,1
BRDA:48,2,1,0
BRF:4
BRH:3
end_of_record
TN:
SF:src\feature\export\csv\csv-builder.service.ts
FN:16,(anonymous_1)
FN:17,(anonymous_2)
FN:18,(anonymous_3)
FN:19,(anonymous_4)
FN:22,(anonymous_5)
FN:23,(anonymous_6)
FN:24,(anonymous_7)
FN:29,(anonymous_8)
FN:31,(anonymous_9)
FNF:9
FNH:9
FNDA:5,(anonymous_1)
FNDA:7,(anonymous_2)
FNDA:5,(anonymous_3)
FNDA:5,(anonymous_4)
FNDA:5,(anonymous_5)
FNDA:7,(anonymous_6)
FNDA:8,(anonymous_7)
FNDA:10,(anonymous_8)
FNDA:14,(anonymous_9)
DA:1,2
DA:9,2
DA:17,7
DA:18,5
DA:19,5
DA:23,5
DA:24,8
DA:25,7
DA:30,10
DA:32,14
DA:33,14
DA:34,14
LF:12
LH:12
BRDA:25,0,0,7
BRDA:25,0,1,1
BRDA:34,1,0,2
BRDA:34,1,1,12
BRF:4
BRH:4
end_of_record
TN:
SF:src\feature\export\mapper\ai-content.service.ts
FN:15,(anonymous_2)
FN:20,(anonymous_3)
FN:33,(anonymous_4)
FN:41,(anonymous_5)
FN:43,(anonymous_6)
FN:69,(anonymous_7)
FN:92,(anonymous_8)
FN:99,(anonymous_9)
FN:105,(anonymous_10)
FNF:9
FNH:8
FNDA:3,(anonymous_2)
FNDA:3,(anonymous_3)
FNDA:2,(anonymous_4)
FNDA:2,(anonymous_5)
FNDA:3,(anonymous_6)
FNDA:2,(anonymous_7)
FNDA:1,(anonymous_8)
FNDA:1,(anonymous_9)
FNDA:0,(anonymous_10)
DA:1,2
DA:2,2
DA:12,2
DA:13,3
DA:15,3
DA:24,3
DA:26,2
DA:28,2
DA:29,2
DA:30,1
DA:32,1
DA:33,2
DA:42,2
DA:43,3
DA:46,2
DA:70,2
DA:71,2
DA:73,2
DA:87,2
DA:88,1
DA:89,1
DA:93,1
DA:94,1
DA:98,1
DA:99,1
DA:105,0
LF:26
LH:25
BRDA:24,0,0,1
BRDA:43,1,0,3
BRDA:43,1,1,0
BRDA:55,2,0,0
BRDA:55,2,1,2
BRDA:87,3,0,1
BRDA:89,4,0,1
BRDA:89,4,1,0
BRDA:101,5,0,1
BRDA:101,5,1,0
BRF:10
BRH:6
end_of_record
TN:
SF:src\feature\export\mapper\field-mapper.service.ts
FN:8,(anonymous_1)
FN:9,(anonymous_2)
FN:10,(anonymous_3)
FN:11,(anonymous_4)
FN:12,(anonymous_5)
FN:13,(anonymous_6)
FN:14,(anonymous_7)
FN:15,(anonymous_8)
FN:16,(anonymous_9)
FN:17,(anonymous_10)
FN:18,(anonymous_11)
FN:19,(anonymous_12)
FN:20,(anonymous_13)
FN:21,(anonymous_14)
FN:22,(anonymous_15)
FN:23,(anonymous_16)
FN:24,(anonymous_17)
FN:25,(anonymous_18)
FN:26,(anonymous_19)
FN:27,(anonymous_20)
FN:39,(anonymous_21)
FN:67,(anonymous_22)
FNF:22
FNH:4
FNDA:1,(anonymous_1)
FNDA:0,(anonymous_2)
FNDA:0,(anonymous_3)
FNDA:0,(anonymous_4)
FNDA:0,(anonymous_5)
FNDA:1,(anonymous_6)
FNDA:0,(anonymous_7)
FNDA:0,(anonymous_8)
FNDA:0,(anonymous_9)
FNDA:0,(anonymous_10)
FNDA:0,(anonymous_11)
FNDA:0,(anonymous_12)
FNDA:0,(anonymous_13)
FNDA:0,(anonymous_14)
FNDA:0,(anonymous_15)
FNDA:0,(anonymous_16)
FNDA:0,(anonymous_17)
FNDA:0,(anonymous_18)
FNDA:0,(anonymous_19)
FNDA:0,(anonymous_20)
FNDA:4,(anonymous_21)
FNDA:2,(anonymous_22)
DA:1,2
DA:7,2
DA:8,1
DA:9,0
DA:10,0
DA:11,0
DA:12,0
DA:13,1
DA:14,0
DA:15,0
DA:16,0
DA:17,0
DA:18,0
DA:19,0
DA:20,0
DA:21,0
DA:22,0
DA:23,0
DA:24,0
DA:25,0
DA:26,0
DA:27,0
DA:35,2
DA:43,4
DA:44,4
DA:46,4
DA:47,4
DA:49,4
DA:50,4
DA:51,2
DA:52,2
DA:55,2
DA:56,2
DA:57,1
DA:58,1
DA:61,1
DA:64,4
DA:68,2
DA:69,4
DA:71,1
LF:40
LH:22
BRDA:50,0,0,2
BRDA:56,1,0,1
BRDA:69,2,0,1
BRF:3
BRH:3
end_of_record
TN:
SF:src\feature\health\health.service.ts
FN:10,(anonymous_2)
FN:15,(anonymous_3)
FN:28,(anonymous_4)
FNF:3
FNH:3
FNDA:5,(anonymous_2)
FNDA:5,(anonymous_3)
FNDA:5,(anonymous_4)
DA:1,1
DA:2,1
DA:3,1
DA:7,1
DA:8,5
DA:11,5
DA:12,5
DA:16,5
DA:18,5
DA:29,5
DA:31,5
DA:34,4
DA:35,1
DA:36,1
DA:38,3
DA:40,1
LF:16
LH:16
BRDA:19,0,0,3
BRDA:19,0,1,2
BRDA:34,1,0,1
BRDA:34,2,0,4
BRDA:34,2,1,3
BRDA:34,2,2,2
BRF:6
BRH:6
end_of_record
TN:
SF:src\feature\suggest-urls\suggest-urls.service.ts
FN:40,(anonymous_2)
FN:46,(anonymous_3)
FN:58,(anonymous_4)
FN:72,(anonymous_5)
FN:82,(anonymous_6)
FN:91,(anonymous_7)
FN:99,(anonymous_8)
FN:107,(anonymous_9)
FN:117,(anonymous_10)
FN:135,(anonymous_11)
FN:145,(anonymous_12)
FN:153,(anonymous_13)
FN:188,(anonymous_14)
FN:226,(anonymous_15)
FNF:14
FNH:9
FNDA:7,(anonymous_2)
FNDA:2,(anonymous_3)
FNDA:1,(anonymous_4)
FNDA:5,(anonymous_5)
FNDA:0,(anonymous_6)
FNDA:5,(anonymous_7)
FNDA:2,(anonymous_8)
FNDA:4,(anonymous_9)
FNDA:1,(anonymous_10)
FNDA:5,(anonymous_11)
FNDA:0,(anonymous_12)
FNDA:0,(anonymous_13)
FNDA:0,(anonymous_14)
FNDA:0,(anonymous_15)
DA:1,1
DA:2,1
DA:6,1
DA:35,1
DA:36,1
DA:39,1
DA:40,7
DA:47,2
DA:48,2
DA:49,2
DA:50,2
DA:52,2
DA:53,2
DA:54,2
DA:59,1
DA:60,1
DA:62,1
DA:63,1
DA:64,1
DA:66,3
DA:67,3
DA:69,0
DA:70,0
DA:72,5
DA:73,3
DA:74,2
DA:76,1
DA:83,0
DA:84,0
DA:85,0
DA:86,0
DA:87,0
DA:92,5
DA:93,5
DA:94,57
DA:96,2
DA:100,2
DA:101,2
DA:105,2
DA:106,1
DA:107,1
DA:108,4
DA:110,1
DA:111,1
DA:112,1
DA:113,1
DA:114,1
DA:118,1
DA:119,1
DA:120,1
DA:121,1
DA:122,4
DA:123,4
DA:124,4
DA:125,2
DA:126,2
DA:128,1
DA:136,5
DA:137,5
DA:138,4
DA:139,4
DA:141,0
DA:146,0
DA:154,0
DA:155,0
DA:157,0
DA:158,0
DA:160,0
DA:161,0
DA:162,0
DA:164,0
DA:170,0
DA:173,0
DA:174,0
DA:183,0
DA:186,0
DA:188,0
DA:189,0
DA:190,0
DA:192,0
DA:193,0
DA:195,0
DA:196,0
DA:197,0
DA:198,0
DA:201,0
DA:202,0
DA:204,0
DA:207,0
DA:209,0
DA:210,0
DA:212,0
DA:213,0
DA:216,0
DA:218,0
DA:223,0
DA:227,0
DA:228,0
DA:229,0
DA:231,0
DA:233,0
DA:234,0
DA:236,0
LF:103
LH:54
BRDA:49,0,0,2
BRDA:49,0,1,0
BRDA:50,1,0,2
BRDA:53,2,0,2
BRDA:60,3,0,0
BRDA:72,4,0,5
BRDA:72,4,1,5
BRDA:73,5,0,1
BRDA:73,5,1,2
BRDA:84,6,0,0
BRDA:85,7,0,0
BRDA:86,8,0,0
BRDA:94,9,0,3
BRDA:94,10,0,57
BRDA:94,10,1,56
BRDA:105,11,0,1
BRDA:108,12,0,4
BRDA:118,13,0,0
BRDA:122,14,0,4
BRDA:122,14,1,0
BRDA:124,15,0,2
BRDA:124,16,0,4
BRDA:124,16,1,3
BRDA:136,17,0,5
BRDA:136,17,1,0
BRDA:137,18,0,1
BRDA:155,19,0,0
BRDA:161,20,0,0
BRDA:166,21,0,0
BRDA:166,21,1,0
BRDA:170,22,0,0
BRDA:186,23,0,0
BRDA:190,24,0,0
BRDA:190,25,0,0
BRDA:190,25,1,0
BRDA:196,26,0,0
BRDA:196,27,0,0
BRDA:196,27,1,0
BRDA:198,28,0,0
BRDA:207,29,0,0
BRDA:210,30,0,0
BRDA:210,31,0,0
BRDA:210,31,1,0
BRDA:216,32,0,0
BRDA:223,33,0,0
BRDA:223,33,1,0
BRDA:233,34,0,0
BRDA:233,35,0,0
BRDA:233,35,1,0
BRF:49
BRH:18
end_of_record
